#
# There is insufficient memory for the Java Runtime Environment to continue.
# Native memory allocation (malloc) failed to allocate 449456 bytes for Chunk::new
# Possible reasons:
#   The system is out of physical RAM or swap space
#   The process is running with CompressedOops enabled, and the Java Heap may be blocking the growth of the native heap
# Possible solutions:
#   Reduce memory load on the system
#   Increase physical memory or swap space
#   Check if swap backing store is full
#   Decrease Java heap size (-Xmx/-Xms)
#   Decrease number of Java threads
#   Decrease Java thread stack sizes (-Xss)
#   Set larger code cache with -XX:ReservedCodeCacheSize=
#   JVM is running with Unscaled Compressed Oops mode in which the Java heap is
#     placed in the first 4GB address space. The Java Heap base address is the
#     maximum limit for the native heap growth. Please use -XX:HeapBaseMinAddress
#     to set the Java Heap base and to place the Java Heap above 4GB virtual address.
# This output file may be truncated or incomplete.
#
#  Out of Memory Error (./src/hotspot/share/memory/arena.cpp:197), pid=18192, tid=3248
#
# JRE version: OpenJDK Runtime Environment (11.0.8+10) (build 11.0.8+10-b944.6842174)
# Java VM: OpenJDK 64-Bit Server VM (11.0.8+10-b944.6842174, mixed mode, tiered, compressed oops, g1 gc, windows-amd64)
# No core dump will be written. Minidumps are not enabled by default on client versions of Windows
#

---------------  S U M M A R Y ------------

Command Line: --add-opens=java.base/java.util=ALL-UNNAMED --add-opens=java.base/java.lang=ALL-UNNAMED --add-opens=java.base/java.lang.invoke=ALL-UNNAMED --add-opens=java.prefs/java.util.prefs=ALL-UNNAMED -Xmx2048m -Dfile.encoding=UTF-8 -Duser.country=US -Duser.language=en -Duser.variant org.gradle.launcher.daemon.bootstrap.GradleDaemon 6.7.1

Host: Intel(R) Core(TM) i7-8750H CPU @ 2.20GHz, 12 cores, 15G,  Windows 10 , 64 bit Build 19041 (10.0.19041.1023)
Time: Thu Jun 24 21:20:02 2021 SE Asia Standard Time elapsed time: 6 seconds (0d 0h 0m 6s)

---------------  T H R E A D  ---------------

Current thread (0x00000202992a0800):  JavaThread "C2 CompilerThread1" daemon [_thread_in_native, id=3248, stack(0x000000fef5a00000,0x000000fef5b00000)]


Current CompileTask:
C2:   6292 4510   !   4       java.util.concurrent.ConcurrentHashMap::putVal (432 bytes)

Stack: [0x000000fef5a00000,0x000000fef5b00000]
Native frames: (J=compiled Java code, j=interpreted, Vv=VM code, C=native code)
V  [jvm.dll+0x5de50a]
V  [jvm.dll+0x7122f5]
V  [jvm.dll+0x71384d]
V  [jvm.dll+0x713f03]
V  [jvm.dll+0x23e728]
V  [jvm.dll+0xb899c]
V  [jvm.dll+0xb8e9c]
V  [jvm.dll+0x35020b]
V  [jvm.dll+0x193ebc]
V  [jvm.dll+0x1f780e]
V  [jvm.dll+0x1f68d4]
V  [jvm.dll+0x17f32c]
V  [jvm.dll+0x205047]
V  [jvm.dll+0x203891]
V  [jvm.dll+0x6dad3f]
V  [jvm.dll+0x6d3895]
V  [jvm.dll+0x5dd4a6]
C  [ucrtbase.dll+0x21bb2]
C  [KERNEL32.DLL+0x17034]
C  [ntdll.dll+0x52651]


---------------  P R O C E S S  ---------------

Threads class SMR info:
_java_thread_list=0x00000202988aba10, length=140, elements={
0x00000202f9f7a800, 0x0000020295833000, 0x000002029583f000, 0x0000020295896000,
0x0000020295897000, 0x0000020295898800, 0x000002029589d000, 0x00000202958a5800,
0x0000020295a1f800, 0x0000020295ad2000, 0x0000020297118800, 0x0000020296592800,
0x0000020297329800, 0x000002029777d000, 0x0000020297621000, 0x000002029776d000,
0x00000202975ed800, 0x0000020296aed000, 0x0000020296bfd000, 0x000002029694e800,
0x000002029767e800, 0x0000020297680800, 0x0000020297682800, 0x000002029767f000,
0x0000020297681800, 0x0000020297683000, 0x000002029767d800, 0x0000020297684000,
0x0000020297680000, 0x000002029c297000, 0x000002029c297800, 0x000002029c292000,
0x000002029c298800, 0x000002029c292800, 0x000002029c299000, 0x000002029c293800,
0x000002029c29e000, 0x000002029c29f000, 0x000002029c29f800, 0x000002029c29c800,
0x000002029c29b000, 0x000002029c29d800, 0x000002029c29b800, 0x000002029c29a000,
0x000002029c2a0800, 0x00000202987e2800, 0x00000202987e3800, 0x00000202987df000,
0x00000202987e1000, 0x00000202987e0000, 0x00000202987e1800, 0x00000202987de800,
0x00000202987e4000, 0x00000202987e5000, 0x00000202990ce800, 0x00000202990cf000,
0x00000202990cd800, 0x00000202990d0000, 0x00000202990cb000, 0x00000202990d1000,
0x00000202990d1800, 0x00000202990cc000, 0x00000202990cd000, 0x00000202990d4000,
0x00000202990d3800, 0x00000202990d2800, 0x00000202990d5000, 0x00000202990d6000,
0x00000202990d6800, 0x00000202990d7800, 0x00000202990da000, 0x00000202990d8000,
0x00000202990d9000, 0x00000202990e0000, 0x00000202990db000, 0x00000202990dc000,
0x00000202990de800, 0x00000202990df000, 0x00000202990e1000, 0x00000202990e1800,
0x00000202990e2800, 0x00000202990dd000, 0x00000202990e3800, 0x00000202990dd800,
0x00000202990e8000, 0x00000202990e5000, 0x00000202990e4000, 0x00000202990e7800,
0x00000202990e6800, 0x00000202990e9000, 0x00000202990ea000, 0x00000202990e6000,
0x000002029935f000, 0x000002029935e000, 0x000002029935c800, 0x0000020299360000,
0x000002029935a000, 0x000002029935b800, 0x0000020299360800, 0x000002029935d800,
0x000002029935b000, 0x0000020299367000, 0x0000020299362000, 0x0000020299366800,
0x0000020299361800, 0x0000020299368800, 0x0000020299363000, 0x0000020299364000,
0x0000020299364800, 0x0000020299368000, 0x0000020299365800, 0x00000202993bf000,
0x00000202993ba000, 0x00000202993c0800, 0x00000202993c0000, 0x00000202993bb000,
0x00000202993c1800, 0x00000202993bd800, 0x00000202993bb800, 0x00000202993bc800,
0x00000202993c2000, 0x00000202993c3000, 0x00000202993c4000, 0x00000202993be000,
0x00000202993c8800, 0x00000202993c4800, 0x00000202993c7000, 0x00000202993c5800,
0x00000202993c6800, 0x00000202993c8000, 0x000002029718c000, 0x0000020297190000,
0x000002029718a000, 0x000002029718c800, 0x0000020297190800, 0x000002029718d800,
0x000002029718b000, 0x0000020297193000, 0x000002029718f000, 0x00000202992a0800
}

Java Threads: ( => current thread )
  0x00000202f9f7a800 JavaThread "main" [_thread_blocked, id=11848, stack(0x000000fef3b00000,0x000000fef3c00000)]
  0x0000020295833000 JavaThread "Reference Handler" daemon [_thread_blocked, id=5492, stack(0x000000fef4200000,0x000000fef4300000)]
  0x000002029583f000 JavaThread "Finalizer" daemon [_thread_blocked, id=1908, stack(0x000000fef4300000,0x000000fef4400000)]
  0x0000020295896000 JavaThread "Signal Dispatcher" daemon [_thread_blocked, id=11784, stack(0x000000fef4400000,0x000000fef4500000)]
  0x0000020295897000 JavaThread "Attach Listener" daemon [_thread_blocked, id=9220, stack(0x000000fef4500000,0x000000fef4600000)]
  0x0000020295898800 JavaThread "C2 CompilerThread0" daemon [_thread_in_native, id=8248, stack(0x000000fef4600000,0x000000fef4700000)]
  0x000002029589d000 JavaThread "C1 CompilerThread0" daemon [_thread_blocked, id=2776, stack(0x000000fef4700000,0x000000fef4800000)]
  0x00000202958a5800 JavaThread "Sweeper thread" daemon [_thread_blocked, id=20876, stack(0x000000fef4800000,0x000000fef4900000)]
  0x0000020295a1f800 JavaThread "Common-Cleaner" daemon [_thread_blocked, id=13692, stack(0x000000fef4900000,0x000000fef4a00000)]
  0x0000020295ad2000 JavaThread "Service Thread" daemon [_thread_blocked, id=21204, stack(0x000000fef4a00000,0x000000fef4b00000)]
  0x0000020297118800 JavaThread "Daemon health stats" [_thread_blocked, id=5404, stack(0x000000fef5300000,0x000000fef5400000)]
  0x0000020296592800 JavaThread "Incoming local TCP Connector on port 52472" [_thread_in_native, id=8436, stack(0x000000fef5400000,0x000000fef5500000)]
  0x0000020297329800 JavaThread "Daemon periodic checks" [_thread_blocked, id=15328, stack(0x000000fef5500000,0x000000fef5600000)]
  0x000002029777d000 JavaThread "Daemon" [_thread_blocked, id=4680, stack(0x000000fef5600000,0x000000fef5700000)]
  0x0000020297621000 JavaThread "Handler for socket connection from /127.0.0.1:52472 to /127.0.0.1:52473" [_thread_in_native, id=15372, stack(0x000000fef5700000,0x000000fef5800000)]
  0x000002029776d000 JavaThread "Cancel handler" [_thread_blocked, id=17428, stack(0x000000fef5800000,0x000000fef5900000)]
  0x00000202975ed800 JavaThread "Daemon worker" [_thread_in_vm, id=12720, stack(0x000000fef5900000,0x000000fef5a00000)]
  0x0000020296aed000 JavaThread "Asynchronous log dispatcher for DefaultDaemonConnection: socket connection from /127.0.0.1:52472 to /127.0.0.1:52473" [_thread_blocked, id=7860, stack(0x000000fef5b00000,0x000000fef5c00000)]
  0x0000020296bfd000 JavaThread "Stdin handler" [_thread_blocked, id=19196, stack(0x000000fef5c00000,0x000000fef5d00000)]
  0x000002029694e800 JavaThread "Thread-8" [_thread_blocked, id=8916, stack(0x000000fef5d00000,0x000000fef5e00000)]
  0x000002029767e800 JavaThread "Cache worker for file hash cache (C:\Users\PC\.gradle\caches\6.7.1\fileHashes)" [_thread_blocked, id=8012, stack(0x000000fef5e00000,0x000000fef5f00000)]
  0x0000020297680800 JavaThread "File lock request listener" [_thread_in_native, id=16824, stack(0x000000fef5f00000,0x000000fef6000000)]
  0x0000020297682800 JavaThread "Cache worker for journal cache (C:\Users\PC\.gradle\caches\journal-1)" [_thread_blocked, id=20464, stack(0x000000fef6600000,0x000000fef6700000)]
  0x000002029767f000 JavaThread "Cache worker for file hash cache (C:\Users\PC\AndroidStudioProjects\MyApplication\.gradle\6.7.1\fileHashes)" [_thread_blocked, id=17136, stack(0x000000fef6700000,0x000000fef6800000)]
  0x0000020297681800 JavaThread "Cache worker for checksums cache (C:\Users\PC\AndroidStudioProjects\MyApplication\.gradle\checksums)" [_thread_blocked, id=7976, stack(0x000000fef6800000,0x000000fef6900000)]
  0x0000020297683000 JavaThread "Cache worker for cache directory md-supplier (C:\Users\PC\.gradle\caches\6.7.1\md-supplier)" [_thread_blocked, id=12536, stack(0x000000fef6900000,0x000000fef6a00000)]
  0x000002029767d800 JavaThread "Cache worker for cache directory md-rule (C:\Users\PC\.gradle\caches\6.7.1\md-rule)" [_thread_blocked, id=6188, stack(0x000000fef6b00000,0x000000fef6c00000)]
  0x0000020297684000 JavaThread "Cache worker for execution history cache (C:\Users\PC\.gradle\caches\6.7.1\executionHistory)" [_thread_blocked, id=13192, stack(0x000000fef6c00000,0x000000fef6d00000)]
  0x0000020297680000 JavaThread "jar transforms" [_thread_blocked, id=17988, stack(0x000000fef6d00000,0x000000fef6e00000)]
  0x000002029c297000 JavaThread "Cache worker for file content cache (C:\Users\PC\.gradle\caches\6.7.1\fileContent)" [_thread_blocked, id=3192, stack(0x000000fef6e00000,0x000000fef6f00000)]
  0x000002029c297800 JavaThread "Cache worker for Build Output Cleanup Cache (C:\Users\PC\AndroidStudioProjects\MyApplication\.gradle\buildOutputCleanup)" [_thread_blocked, id=15128, stack(0x000000fef6f00000,0x000000fef7000000)]
  0x000002029c292000 JavaThread "Build operations" [_thread_blocked, id=17844, stack(0x000000fef7000000,0x000000fef7100000)]
  0x000002029c298800 JavaThread "Build operations Thread 2" [_thread_blocked, id=5096, stack(0x000000fef7100000,0x000000fef7200000)]
  0x000002029c292800 JavaThread "Build operations Thread 3" [_thread_blocked, id=11512, stack(0x000000fef7200000,0x000000fef7300000)]
  0x000002029c299000 JavaThread "Build operations Thread 4" [_thread_blocked, id=2440, stack(0x000000fef7300000,0x000000fef7400000)]
  0x000002029c293800 JavaThread "Build operations Thread 5" [_thread_blocked, id=8808, stack(0x000000fef7400000,0x000000fef7500000)]
  0x000002029c29e000 JavaThread "Build operations Thread 6" [_thread_blocked, id=19536, stack(0x000000fef7500000,0x000000fef7600000)]
  0x000002029c29f000 JavaThread "Build operations Thread 7" [_thread_blocked, id=3320, stack(0x000000fef7600000,0x000000fef7700000)]
  0x000002029c29f800 JavaThread "Build operations Thread 8" [_thread_blocked, id=8496, stack(0x000000fef7700000,0x000000fef7800000)]
  0x000002029c29c800 JavaThread "Build operations Thread 9" [_thread_blocked, id=19876, stack(0x000000fef7800000,0x000000fef7900000)]
  0x000002029c29b000 JavaThread "Build operations Thread 10" [_thread_blocked, id=20956, stack(0x000000fef7900000,0x000000fef7a00000)]
  0x000002029c29d800 JavaThread "Build operations Thread 11" [_thread_blocked, id=3680, stack(0x000000fef7a00000,0x000000fef7b00000)]
  0x000002029c29b800 JavaThread "Build operations Thread 12" [_thread_blocked, id=20172, stack(0x000000fef7b00000,0x000000fef7c00000)]
  0x000002029c29a000 JavaThread "jar transforms Thread 2" [_thread_blocked, id=9024, stack(0x000000fef7c00000,0x000000fef7d00000)]
  0x000002029c2a0800 JavaThread "jar transforms Thread 3" [_thread_blocked, id=20672, stack(0x000000fef7d00000,0x000000fef7e00000)]
  0x00000202987e2800 JavaThread "jar transforms Thread 4" [_thread_blocked, id=17272, stack(0x000000fef7e00000,0x000000fef7f00000)]
  0x00000202987e3800 JavaThread "jar transforms Thread 5" [_thread_blocked, id=20376, stack(0x000000fef7f00000,0x000000fef8000000)]
  0x00000202987df000 JavaThread "jar transforms Thread 6" [_thread_blocked, id=19108, stack(0x000000fef8000000,0x000000fef8100000)]
  0x00000202987e1000 JavaThread "jar transforms Thread 7" [_thread_blocked, id=5628, stack(0x000000fef8100000,0x000000fef8200000)]
  0x00000202987e0000 JavaThread "jar transforms Thread 8" [_thread_blocked, id=18368, stack(0x000000fef8200000,0x000000fef8300000)]
  0x00000202987e1800 JavaThread "jar transforms Thread 9" [_thread_blocked, id=7792, stack(0x000000fef8300000,0x000000fef8400000)]
  0x00000202987de800 JavaThread "jar transforms Thread 10" [_thread_blocked, id=15020, stack(0x000000fef8400000,0x000000fef8500000)]
  0x00000202987e4000 JavaThread "jar transforms Thread 11" [_thread_blocked, id=19440, stack(0x000000fef8500000,0x000000fef8600000)]
  0x00000202987e5000 JavaThread "jar transforms Thread 12" [_thread_blocked, id=21320, stack(0x000000fef8600000,0x000000fef8700000)]
  0x00000202990ce800 JavaThread "jar transforms Thread 13" [_thread_blocked, id=7584, stack(0x000000fef8700000,0x000000fef8800000)]
  0x00000202990cf000 JavaThread "jar transforms Thread 14" [_thread_blocked, id=7284, stack(0x000000fef8800000,0x000000fef8900000)]
  0x00000202990cd800 JavaThread "jar transforms Thread 15" [_thread_blocked, id=19652, stack(0x000000fef8900000,0x000000fef8a00000)]
  0x00000202990d0000 JavaThread "jar transforms Thread 16" [_thread_blocked, id=15904, stack(0x000000fef8a00000,0x000000fef8b00000)]
  0x00000202990cb000 JavaThread "jar transforms Thread 17" [_thread_blocked, id=12500, stack(0x000000fef8b00000,0x000000fef8c00000)]
  0x00000202990d1000 JavaThread "jar transforms Thread 18" [_thread_blocked, id=11344, stack(0x000000fef8c00000,0x000000fef8d00000)]
  0x00000202990d1800 JavaThread "jar transforms Thread 19" [_thread_blocked, id=12788, stack(0x000000fef8d00000,0x000000fef8e00000)]
  0x00000202990cc000 JavaThread "jar transforms Thread 20" [_thread_blocked, id=11432, stack(0x000000fef8e00000,0x000000fef8f00000)]
  0x00000202990cd000 JavaThread "jar transforms Thread 21" [_thread_blocked, id=9448, stack(0x000000fef8f00000,0x000000fef9000000)]
  0x00000202990d4000 JavaThread "jar transforms Thread 22" [_thread_blocked, id=5172, stack(0x000000fef9000000,0x000000fef9100000)]
  0x00000202990d3800 JavaThread "jar transforms Thread 23" [_thread_blocked, id=7876, stack(0x000000fef9100000,0x000000fef9200000)]
  0x00000202990d2800 JavaThread "jar transforms Thread 24" [_thread_blocked, id=3316, stack(0x000000fef9200000,0x000000fef9300000)]
  0x00000202990d5000 JavaThread "jar transforms Thread 25" [_thread_blocked, id=1408, stack(0x000000fef9300000,0x000000fef9400000)]
  0x00000202990d6000 JavaThread "jar transforms Thread 26" [_thread_blocked, id=11460, stack(0x000000fef9400000,0x000000fef9500000)]
  0x00000202990d6800 JavaThread "jar transforms Thread 27" [_thread_blocked, id=16656, stack(0x000000fef9500000,0x000000fef9600000)]
  0x00000202990d7800 JavaThread "jar transforms Thread 28" [_thread_blocked, id=20304, stack(0x000000fef9600000,0x000000fef9700000)]
  0x00000202990da000 JavaThread "jar transforms Thread 29" [_thread_blocked, id=12812, stack(0x000000fef9700000,0x000000fef9800000)]
  0x00000202990d8000 JavaThread "jar transforms Thread 30" [_thread_blocked, id=9428, stack(0x000000fef9800000,0x000000fef9900000)]
  0x00000202990d9000 JavaThread "jar transforms Thread 31" [_thread_blocked, id=10568, stack(0x000000fef9900000,0x000000fef9a00000)]
  0x00000202990e0000 JavaThread "jar transforms Thread 32" [_thread_blocked, id=19408, stack(0x000000fef9a00000,0x000000fef9b00000)]
  0x00000202990db000 JavaThread "jar transforms Thread 33" [_thread_blocked, id=5284, stack(0x000000fef9b00000,0x000000fef9c00000)]
  0x00000202990dc000 JavaThread "jar transforms Thread 34" [_thread_blocked, id=9568, stack(0x000000fef9c00000,0x000000fef9d00000)]
  0x00000202990de800 JavaThread "jar transforms Thread 35" [_thread_blocked, id=8120, stack(0x000000fef9d00000,0x000000fef9e00000)]
  0x00000202990df000 JavaThread "jar transforms Thread 36" [_thread_blocked, id=1112, stack(0x000000fef9e00000,0x000000fef9f00000)]
  0x00000202990e1000 JavaThread "jar transforms Thread 37" [_thread_blocked, id=2476, stack(0x000000fef9f00000,0x000000fefa000000)]
  0x00000202990e1800 JavaThread "jar transforms Thread 38" [_thread_blocked, id=18796, stack(0x000000fefa000000,0x000000fefa100000)]
  0x00000202990e2800 JavaThread "jar transforms Thread 39" [_thread_blocked, id=15124, stack(0x000000fefa100000,0x000000fefa200000)]
  0x00000202990dd000 JavaThread "jar transforms Thread 40" [_thread_blocked, id=7668, stack(0x000000fefa200000,0x000000fefa300000)]
  0x00000202990e3800 JavaThread "jar transforms Thread 41" [_thread_blocked, id=18240, stack(0x000000fefa300000,0x000000fefa400000)]
  0x00000202990dd800 JavaThread "jar transforms Thread 42" [_thread_blocked, id=19308, stack(0x000000fefa400000,0x000000fefa500000)]
  0x00000202990e8000 JavaThread "jar transforms Thread 43" [_thread_blocked, id=5668, stack(0x000000fefa500000,0x000000fefa600000)]
  0x00000202990e5000 JavaThread "jar transforms Thread 44" [_thread_blocked, id=21036, stack(0x000000fefa600000,0x000000fefa700000)]
  0x00000202990e4000 JavaThread "jar transforms Thread 45" [_thread_blocked, id=17444, stack(0x000000fefa700000,0x000000fefa800000)]
  0x00000202990e7800 JavaThread "jar transforms Thread 46" [_thread_blocked, id=14920, stack(0x000000fefa800000,0x000000fefa900000)]
  0x00000202990e6800 JavaThread "jar transforms Thread 47" [_thread_blocked, id=13972, stack(0x000000fefa900000,0x000000fefaa00000)]
  0x00000202990e9000 JavaThread "jar transforms Thread 48" [_thread_blocked, id=14056, stack(0x000000fefaa00000,0x000000fefab00000)]
  0x00000202990ea000 JavaThread "jar transforms Thread 49" [_thread_blocked, id=10204, stack(0x000000fefab00000,0x000000fefac00000)]
  0x00000202990e6000 JavaThread "jar transforms Thread 50" [_thread_blocked, id=11612, stack(0x000000fefac00000,0x000000fefad00000)]
  0x000002029935f000 JavaThread "jar transforms Thread 51" [_thread_blocked, id=13532, stack(0x000000fefad00000,0x000000fefae00000)]
  0x000002029935e000 JavaThread "jar transforms Thread 52" [_thread_blocked, id=17188, stack(0x000000fefae00000,0x000000fefaf00000)]
  0x000002029935c800 JavaThread "jar transforms Thread 53" [_thread_blocked, id=13696, stack(0x000000fefaf00000,0x000000fefb000000)]
  0x0000020299360000 JavaThread "jar transforms Thread 54" [_thread_blocked, id=19420, stack(0x000000fefb000000,0x000000fefb100000)]
  0x000002029935a000 JavaThread "jar transforms Thread 55" [_thread_blocked, id=18644, stack(0x000000fefb100000,0x000000fefb200000)]
  0x000002029935b800 JavaThread "jar transforms Thread 56" [_thread_blocked, id=3752, stack(0x000000fefb200000,0x000000fefb300000)]
  0x0000020299360800 JavaThread "jar transforms Thread 57" [_thread_blocked, id=20716, stack(0x000000fefb300000,0x000000fefb400000)]
  0x000002029935d800 JavaThread "jar transforms Thread 58" [_thread_blocked, id=21208, stack(0x000000fefb400000,0x000000fefb500000)]
  0x000002029935b000 JavaThread "jar transforms Thread 59" [_thread_blocked, id=21084, stack(0x000000fefb500000,0x000000fefb600000)]
  0x0000020299367000 JavaThread "jar transforms Thread 60" [_thread_blocked, id=15060, stack(0x000000fefb600000,0x000000fefb700000)]
  0x0000020299362000 JavaThread "jar transforms Thread 61" [_thread_blocked, id=20364, stack(0x000000fefb700000,0x000000fefb800000)]
  0x0000020299366800 JavaThread "jar transforms Thread 62" [_thread_blocked, id=10920, stack(0x000000fefb800000,0x000000fefb900000)]
  0x0000020299361800 JavaThread "jar transforms Thread 63" [_thread_blocked, id=17680, stack(0x000000fefb900000,0x000000fefba00000)]
  0x0000020299368800 JavaThread "jar transforms Thread 64" [_thread_blocked, id=15956, stack(0x000000fefba00000,0x000000fefbb00000)]
  0x0000020299363000 JavaThread "jar transforms Thread 65" [_thread_blocked, id=12056, stack(0x000000fefbb00000,0x000000fefbc00000)]
  0x0000020299364000 JavaThread "jar transforms Thread 66" [_thread_blocked, id=12880, stack(0x000000fefbc00000,0x000000fefbd00000)]
  0x0000020299364800 JavaThread "jar transforms Thread 67" [_thread_blocked, id=17864, stack(0x000000fefbd00000,0x000000fefbe00000)]
  0x0000020299368000 JavaThread "jar transforms Thread 68" [_thread_blocked, id=16424, stack(0x000000fefbe00000,0x000000fefbf00000)]
  0x0000020299365800 JavaThread "jar transforms Thread 69" [_thread_blocked, id=8476, stack(0x000000fefbf00000,0x000000fefc000000)]
  0x00000202993bf000 JavaThread "jar transforms Thread 70" [_thread_blocked, id=19668, stack(0x000000fefc000000,0x000000fefc100000)]
  0x00000202993ba000 JavaThread "jar transforms Thread 71" [_thread_blocked, id=16556, stack(0x000000fefc100000,0x000000fefc200000)]
  0x00000202993c0800 JavaThread "jar transforms Thread 72" [_thread_blocked, id=17628, stack(0x000000fefc200000,0x000000fefc300000)]
  0x00000202993c0000 JavaThread "jar transforms Thread 73" [_thread_blocked, id=20224, stack(0x000000fefc300000,0x000000fefc400000)]
  0x00000202993bb000 JavaThread "jar transforms Thread 74" [_thread_blocked, id=14352, stack(0x000000fefc400000,0x000000fefc500000)]
  0x00000202993c1800 JavaThread "jar transforms Thread 75" [_thread_blocked, id=15268, stack(0x000000fefc500000,0x000000fefc600000)]
  0x00000202993bd800 JavaThread "jar transforms Thread 76" [_thread_blocked, id=11828, stack(0x000000fefc600000,0x000000fefc700000)]
  0x00000202993bb800 JavaThread "jar transforms Thread 77" [_thread_blocked, id=16080, stack(0x000000fefc700000,0x000000fefc800000)]
  0x00000202993bc800 JavaThread "jar transforms Thread 78" [_thread_blocked, id=12492, stack(0x000000fefc800000,0x000000fefc900000)]
  0x00000202993c2000 JavaThread "jar transforms Thread 79" [_thread_blocked, id=18992, stack(0x000000fefc900000,0x000000fefca00000)]
  0x00000202993c3000 JavaThread "jar transforms Thread 80" [_thread_blocked, id=19132, stack(0x000000fefca00000,0x000000fefcb00000)]
  0x00000202993c4000 JavaThread "jar transforms Thread 81" [_thread_blocked, id=12548, stack(0x000000fefcb00000,0x000000fefcc00000)]
  0x00000202993be000 JavaThread "jar transforms Thread 82" [_thread_blocked, id=18372, stack(0x000000fefcc00000,0x000000fefcd00000)]
  0x00000202993c8800 JavaThread "jar transforms Thread 83" [_thread_blocked, id=21200, stack(0x000000fefcd00000,0x000000fefce00000)]
  0x00000202993c4800 JavaThread "jar transforms Thread 84" [_thread_blocked, id=2568, stack(0x000000fefce00000,0x000000fefcf00000)]
  0x00000202993c7000 JavaThread "jar transforms Thread 85" [_thread_blocked, id=20396, stack(0x000000fefcf00000,0x000000fefd000000)]
  0x00000202993c5800 JavaThread "jar transforms Thread 86" [_thread_blocked, id=14408, stack(0x000000fefd000000,0x000000fefd100000)]
  0x00000202993c6800 JavaThread "jar transforms Thread 87" [_thread_blocked, id=10108, stack(0x000000fefd100000,0x000000fefd200000)]
  0x00000202993c8000 JavaThread "jar transforms Thread 88" [_thread_blocked, id=12940, stack(0x000000fefd200000,0x000000fefd300000)]
  0x000002029718c000 JavaThread "jar transforms Thread 89" [_thread_blocked, id=156, stack(0x000000fefd300000,0x000000fefd400000)]
  0x0000020297190000 JavaThread "jar transforms Thread 90" [_thread_blocked, id=12004, stack(0x000000fefd400000,0x000000fefd500000)]
  0x000002029718a000 JavaThread "jar transforms Thread 91" [_thread_blocked, id=17856, stack(0x000000fefd500000,0x000000fefd600000)]
  0x000002029718c800 JavaThread "jar transforms Thread 92" [_thread_blocked, id=8156, stack(0x000000fefd600000,0x000000fefd700000)]
  0x0000020297190800 JavaThread "jar transforms Thread 93" [_thread_blocked, id=1588, stack(0x000000fefd700000,0x000000fefd800000)]
  0x000002029718d800 JavaThread "jar transforms Thread 94" [_thread_blocked, id=19900, stack(0x000000fefd800000,0x000000fefd900000)]
  0x000002029718b000 JavaThread "jar transforms Thread 95" [_thread_blocked, id=17892, stack(0x000000fefd900000,0x000000fefda00000)]
  0x0000020297193000 JavaThread "jar transforms Thread 96" [_thread_blocked, id=7228, stack(0x000000fefda00000,0x000000fefdb00000)]
  0x000002029718f000 JavaThread "jar transforms Thread 97" [_thread_blocked, id=4228, stack(0x000000fefdb00000,0x000000fefdc00000)]
=>0x00000202992a0800 JavaThread "C2 CompilerThread1" daemon [_thread_in_native, id=3248, stack(0x000000fef5a00000,0x000000fef5b00000)]

Other Threads:
  0x0000020295830000 VMThread "VM Thread" [stack: 0x000000fef4100000,0x000000fef4200000] [id=17172]
  0x0000020295ad3800 WatcherThread [stack: 0x000000fef4b00000,0x000000fef4c00000] [id=17120]
  0x00000202f9f94000 GCTaskThread "GC Thread#0" [stack: 0x000000fef3c00000,0x000000fef3d00000] [id=16776]
  0x0000020296463800 GCTaskThread "GC Thread#1" [stack: 0x000000fef4d00000,0x000000fef4e00000] [id=20160]
  0x00000202963a2800 GCTaskThread "GC Thread#2" [stack: 0x000000fef4e00000,0x000000fef4f00000] [id=10132]
  0x0000020296413000 GCTaskThread "GC Thread#3" [stack: 0x000000fef4f00000,0x000000fef5000000] [id=8124]
  0x0000020296413800 GCTaskThread "GC Thread#4" [stack: 0x000000fef5000000,0x000000fef5100000] [id=15888]
  0x0000020296445000 GCTaskThread "GC Thread#5" [stack: 0x000000fef5100000,0x000000fef5200000] [id=20084]
  0x0000020297224000 GCTaskThread "GC Thread#6" [stack: 0x000000fef6000000,0x000000fef6100000] [id=15096]
  0x0000020297689800 GCTaskThread "GC Thread#7" [stack: 0x000000fef6100000,0x000000fef6200000] [id=9436]
  0x0000020297757000 GCTaskThread "GC Thread#8" [stack: 0x000000fef6200000,0x000000fef6300000] [id=14144]
  0x000002029820e800 GCTaskThread "GC Thread#9" [stack: 0x000000fef6300000,0x000000fef6400000] [id=8268]
  0x00000202f9fc4000 ConcurrentGCThread "G1 Main Marker" [stack: 0x000000fef3d00000,0x000000fef3e00000] [id=6900]
  0x00000202f9fc6800 ConcurrentGCThread "G1 Conc#0" [stack: 0x000000fef3e00000,0x000000fef3f00000] [id=3344]
  0x00000202963c9800 ConcurrentGCThread "G1 Conc#1" [stack: 0x000000fef6400000,0x000000fef6500000] [id=5444]
  0x0000020296a1b000 ConcurrentGCThread "G1 Conc#2" [stack: 0x000000fef6500000,0x000000fef6600000] [id=7044]
  0x00000202ffd2a800 ConcurrentGCThread "G1 Refine#0" [stack: 0x000000fef3f00000,0x000000fef4000000] [id=21336]
  0x00000202ffd2b800 ConcurrentGCThread "G1 Young RemSet Sampling" [stack: 0x000000fef4000000,0x000000fef4100000] [id=5256]

Threads with active compile tasks:
C2 CompilerThread0   6326 4521       4       java.lang.invoke.LambdaForm$Name::replaceNames (174 bytes)
C2 CompilerThread1   6326 4510   !   4       java.util.concurrent.ConcurrentHashMap::putVal (432 bytes)

VM state:not at safepoint (normal execution)

VM Mutex/Monitor currently owned by a thread: None

Heap address: 0x0000000080000000, size: 2048 MB, Compressed Oops mode: 32-bit
Narrow klass base: 0x0000000000000000, Narrow klass shift: 3
Compressed class space size: 1073741824 Address: 0x0000000100000000

Heap:
 garbage-first heap   total 260096K, used 116182K [0x0000000080000000, 0x0000000100000000)
  region size 1024K, 97 young (99328K), 10 survivors (10240K)
 Metaspace       used 50066K, capacity 51260K, committed 51456K, reserved 1093632K
  class space    used 6385K, capacity 6788K, committed 6912K, reserved 1048576K
Heap Regions: E=young(eden), S=young(survivor), O=old, HS=humongous(starts), HC=humongous(continues), CS=collection set, F=free, A=archive, TAMS=top-at-mark-start (previous, next)
|   0|0x0000000080000000, 0x0000000080100000, 0x0000000080100000|100%| O|  |TAMS 0x0000000080100000, 0x0000000080000000| Untracked 
|   1|0x0000000080100000, 0x0000000080200000, 0x0000000080200000|100%| O|  |TAMS 0x0000000080200000, 0x0000000080100000| Untracked 
|   2|0x0000000080200000, 0x0000000080300000, 0x0000000080300000|100%| O|  |TAMS 0x0000000080300000, 0x0000000080200000| Untracked 
|   3|0x0000000080300000, 0x0000000080400000, 0x0000000080400000|100%|HS|  |TAMS 0x0000000080400000, 0x0000000080300000| Complete 
|   4|0x0000000080400000, 0x0000000080500000, 0x0000000080500000|100%|HC|  |TAMS 0x0000000080500000, 0x0000000080400000| Complete 
|   5|0x0000000080500000, 0x0000000080600000, 0x0000000080600000|100%|HC|  |TAMS 0x0000000080600000, 0x0000000080500000| Complete 
|   6|0x0000000080600000, 0x0000000080700000, 0x0000000080700000|100%| O|  |TAMS 0x0000000080700000, 0x0000000080600000| Untracked 
|   7|0x0000000080700000, 0x0000000080800000, 0x0000000080800000|100%| O|  |TAMS 0x0000000080800000, 0x0000000080700000| Untracked 
|   8|0x0000000080800000, 0x0000000080900000, 0x0000000080900000|100%| O|  |TAMS 0x0000000080900000, 0x0000000080800000| Untracked 
|   9|0x0000000080900000, 0x0000000080a00000, 0x0000000080a00000|100%| O|  |TAMS 0x0000000080a00000, 0x0000000080900000| Untracked 
|  10|0x0000000080a00000, 0x0000000080b00000, 0x0000000080b00000|100%| O|  |TAMS 0x0000000080b00000, 0x0000000080a00000| Untracked 
|  11|0x0000000080b00000, 0x0000000080c00000, 0x0000000080c00000|100%| O|  |TAMS 0x0000000080c00000, 0x0000000080b00000| Untracked 
|  12|0x0000000080c00000, 0x0000000080d00000, 0x0000000080d00000|100%| O|  |TAMS 0x0000000080d00000, 0x0000000080c00000| Untracked 
|  13|0x0000000080d00000, 0x0000000080e00000, 0x0000000080e00000|100%| O|  |TAMS 0x0000000080e00000, 0x0000000080d00000| Untracked 
|  14|0x0000000080e00000, 0x0000000080f00000, 0x0000000080f00000|100%| O|  |TAMS 0x0000000080f00000, 0x0000000080e00000| Untracked 
|  15|0x0000000080f00000, 0x0000000080fa5a00, 0x0000000081000000| 64%| O|  |TAMS 0x0000000080fa5a00, 0x0000000080f00000| Untracked 
|  16|0x0000000081000000, 0x0000000081100000, 0x0000000081100000|100%|HS|  |TAMS 0x0000000081000000, 0x0000000081000000| Complete 
|  17|0x0000000081100000, 0x0000000081200000, 0x0000000081200000|100%|HS|  |TAMS 0x0000000081100000, 0x0000000081100000| Complete 
|  18|0x0000000081200000, 0x0000000081300000, 0x0000000081300000|100%|HC|  |TAMS 0x0000000081200000, 0x0000000081200000| Complete 
|  19|0x0000000081300000, 0x0000000081300000, 0x0000000081400000|  0%| F|  |TAMS 0x0000000081300000, 0x0000000081300000| Untracked 
|  20|0x0000000081400000, 0x0000000081400000, 0x0000000081500000|  0%| F|  |TAMS 0x0000000081400000, 0x0000000081400000| Untracked 
|  21|0x0000000081500000, 0x0000000081500000, 0x0000000081600000|  0%| F|  |TAMS 0x0000000081500000, 0x0000000081500000| Untracked 
|  22|0x0000000081600000, 0x0000000081600000, 0x0000000081700000|  0%| F|  |TAMS 0x0000000081600000, 0x0000000081600000| Untracked 
|  23|0x0000000081700000, 0x0000000081700000, 0x0000000081800000|  0%| F|  |TAMS 0x0000000081700000, 0x0000000081700000| Untracked 
|  24|0x0000000081800000, 0x0000000081800000, 0x0000000081900000|  0%| F|  |TAMS 0x0000000081800000, 0x0000000081800000| Untracked 
|  25|0x0000000081900000, 0x0000000081900000, 0x0000000081a00000|  0%| F|  |TAMS 0x0000000081900000, 0x0000000081900000| Untracked 
|  26|0x0000000081a00000, 0x0000000081a00000, 0x0000000081b00000|  0%| F|  |TAMS 0x0000000081a00000, 0x0000000081a00000| Untracked 
|  27|0x0000000081b00000, 0x0000000081b00000, 0x0000000081c00000|  0%| F|  |TAMS 0x0000000081b00000, 0x0000000081b00000| Untracked 
|  28|0x0000000081c00000, 0x0000000081c00000, 0x0000000081d00000|  0%| F|  |TAMS 0x0000000081c00000, 0x0000000081c00000| Untracked 
|  29|0x0000000081d00000, 0x0000000081d00000, 0x0000000081e00000|  0%| F|  |TAMS 0x0000000081d00000, 0x0000000081d00000| Untracked 
|  30|0x0000000081e00000, 0x0000000081e00000, 0x0000000081f00000|  0%| F|  |TAMS 0x0000000081e00000, 0x0000000081e00000| Untracked 
|  31|0x0000000081f00000, 0x0000000081f00000, 0x0000000082000000|  0%| F|  |TAMS 0x0000000081f00000, 0x0000000081f00000| Untracked 
|  32|0x0000000082000000, 0x0000000082000000, 0x0000000082100000|  0%| F|  |TAMS 0x0000000082000000, 0x0000000082000000| Untracked 
|  33|0x0000000082100000, 0x0000000082100000, 0x0000000082200000|  0%| F|  |TAMS 0x0000000082100000, 0x0000000082100000| Untracked 
|  34|0x0000000082200000, 0x0000000082200000, 0x0000000082300000|  0%| F|  |TAMS 0x0000000082200000, 0x0000000082200000| Untracked 
|  35|0x0000000082300000, 0x0000000082300000, 0x0000000082400000|  0%| F|  |TAMS 0x0000000082300000, 0x0000000082300000| Untracked 
|  36|0x0000000082400000, 0x0000000082400000, 0x0000000082500000|  0%| F|  |TAMS 0x0000000082400000, 0x0000000082400000| Untracked 
|  37|0x0000000082500000, 0x0000000082500000, 0x0000000082600000|  0%| F|  |TAMS 0x0000000082500000, 0x0000000082500000| Untracked 
|  38|0x0000000082600000, 0x0000000082600000, 0x0000000082700000|  0%| F|  |TAMS 0x0000000082600000, 0x0000000082600000| Untracked 
|  39|0x0000000082700000, 0x0000000082700000, 0x0000000082800000|  0%| F|  |TAMS 0x0000000082700000, 0x0000000082700000| Untracked 
|  40|0x0000000082800000, 0x0000000082800000, 0x0000000082900000|  0%| F|  |TAMS 0x0000000082800000, 0x0000000082800000| Untracked 
|  41|0x0000000082900000, 0x0000000082900000, 0x0000000082a00000|  0%| F|  |TAMS 0x0000000082900000, 0x0000000082900000| Untracked 
|  42|0x0000000082a00000, 0x0000000082a00000, 0x0000000082b00000|  0%| F|  |TAMS 0x0000000082a00000, 0x0000000082a00000| Untracked 
|  43|0x0000000082b00000, 0x0000000082b00000, 0x0000000082c00000|  0%| F|  |TAMS 0x0000000082b00000, 0x0000000082b00000| Untracked 
|  44|0x0000000082c00000, 0x0000000082c00000, 0x0000000082d00000|  0%| F|  |TAMS 0x0000000082c00000, 0x0000000082c00000| Untracked 
|  45|0x0000000082d00000, 0x0000000082d00000, 0x0000000082e00000|  0%| F|  |TAMS 0x0000000082d00000, 0x0000000082d00000| Untracked 
|  46|0x0000000082e00000, 0x0000000082e00000, 0x0000000082f00000|  0%| F|  |TAMS 0x0000000082e00000, 0x0000000082e00000| Untracked 
|  47|0x0000000082f00000, 0x0000000082f00000, 0x0000000083000000|  0%| F|  |TAMS 0x0000000082f00000, 0x0000000082f00000| Untracked 
|  48|0x0000000083000000, 0x0000000083000000, 0x0000000083100000|  0%| F|  |TAMS 0x0000000083000000, 0x0000000083000000| Untracked 
|  49|0x0000000083100000, 0x0000000083100000, 0x0000000083200000|  0%| F|  |TAMS 0x0000000083100000, 0x0000000083100000| Untracked 
|  50|0x0000000083200000, 0x0000000083200000, 0x0000000083300000|  0%| F|  |TAMS 0x0000000083200000, 0x0000000083200000| Untracked 
|  51|0x0000000083300000, 0x0000000083300000, 0x0000000083400000|  0%| F|  |TAMS 0x0000000083300000, 0x0000000083300000| Untracked 
|  52|0x0000000083400000, 0x0000000083400000, 0x0000000083500000|  0%| F|  |TAMS 0x0000000083400000, 0x0000000083400000| Untracked 
|  53|0x0000000083500000, 0x0000000083500000, 0x0000000083600000|  0%| F|  |TAMS 0x0000000083500000, 0x0000000083500000| Untracked 
|  54|0x0000000083600000, 0x0000000083600000, 0x0000000083700000|  0%| F|  |TAMS 0x0000000083600000, 0x0000000083600000| Untracked 
|  55|0x0000000083700000, 0x0000000083700000, 0x0000000083800000|  0%| F|  |TAMS 0x0000000083700000, 0x0000000083700000| Untracked 
|  56|0x0000000083800000, 0x0000000083800000, 0x0000000083900000|  0%| F|  |TAMS 0x0000000083800000, 0x0000000083800000| Untracked 
|  57|0x0000000083900000, 0x0000000083900000, 0x0000000083a00000|  0%| F|  |TAMS 0x0000000083900000, 0x0000000083900000| Untracked 
|  58|0x0000000083a00000, 0x0000000083a00000, 0x0000000083b00000|  0%| F|  |TAMS 0x0000000083a00000, 0x0000000083a00000| Untracked 
|  59|0x0000000083b00000, 0x0000000083b00000, 0x0000000083c00000|  0%| F|  |TAMS 0x0000000083b00000, 0x0000000083b00000| Untracked 
|  60|0x0000000083c00000, 0x0000000083c00000, 0x0000000083d00000|  0%| F|  |TAMS 0x0000000083c00000, 0x0000000083c00000| Untracked 
|  61|0x0000000083d00000, 0x0000000083d00000, 0x0000000083e00000|  0%| F|  |TAMS 0x0000000083d00000, 0x0000000083d00000| Untracked 
|  62|0x0000000083e00000, 0x0000000083e00000, 0x0000000083f00000|  0%| F|  |TAMS 0x0000000083e00000, 0x0000000083e00000| Untracked 
|  63|0x0000000083f00000, 0x0000000083f00000, 0x0000000084000000|  0%| F|  |TAMS 0x0000000083f00000, 0x0000000083f00000| Untracked 
|  64|0x0000000084000000, 0x0000000084000000, 0x0000000084100000|  0%| F|  |TAMS 0x0000000084000000, 0x0000000084000000| Untracked 
|  65|0x0000000084100000, 0x0000000084100000, 0x0000000084200000|  0%| F|  |TAMS 0x0000000084100000, 0x0000000084100000| Untracked 
|  66|0x0000000084200000, 0x0000000084200000, 0x0000000084300000|  0%| F|  |TAMS 0x0000000084200000, 0x0000000084200000| Untracked 
|  67|0x0000000084300000, 0x0000000084300000, 0x0000000084400000|  0%| F|  |TAMS 0x0000000084300000, 0x0000000084300000| Untracked 
|  68|0x0000000084400000, 0x0000000084400000, 0x0000000084500000|  0%| F|  |TAMS 0x0000000084400000, 0x0000000084400000| Untracked 
|  69|0x0000000084500000, 0x0000000084500000, 0x0000000084600000|  0%| F|  |TAMS 0x0000000084500000, 0x0000000084500000| Untracked 
|  70|0x0000000084600000, 0x0000000084600000, 0x0000000084700000|  0%| F|  |TAMS 0x0000000084600000, 0x0000000084600000| Untracked 
|  71|0x0000000084700000, 0x0000000084700000, 0x0000000084800000|  0%| F|  |TAMS 0x0000000084700000, 0x0000000084700000| Untracked 
|  72|0x0000000084800000, 0x0000000084800000, 0x0000000084900000|  0%| F|  |TAMS 0x0000000084800000, 0x0000000084800000| Untracked 
|  73|0x0000000084900000, 0x0000000084900000, 0x0000000084a00000|  0%| F|  |TAMS 0x0000000084900000, 0x0000000084900000| Untracked 
|  74|0x0000000084a00000, 0x0000000084a00000, 0x0000000084b00000|  0%| F|  |TAMS 0x0000000084a00000, 0x0000000084a00000| Untracked 
|  75|0x0000000084b00000, 0x0000000084b00000, 0x0000000084c00000|  0%| F|  |TAMS 0x0000000084b00000, 0x0000000084b00000| Untracked 
|  76|0x0000000084c00000, 0x0000000084c00000, 0x0000000084d00000|  0%| F|  |TAMS 0x0000000084c00000, 0x0000000084c00000| Untracked 
|  77|0x0000000084d00000, 0x0000000084d00000, 0x0000000084e00000|  0%| F|  |TAMS 0x0000000084d00000, 0x0000000084d00000| Untracked 
|  78|0x0000000084e00000, 0x0000000084e00000, 0x0000000084f00000|  0%| F|  |TAMS 0x0000000084e00000, 0x0000000084e00000| Untracked 
|  79|0x0000000084f00000, 0x0000000084f00000, 0x0000000085000000|  0%| F|  |TAMS 0x0000000084f00000, 0x0000000084f00000| Untracked 
|  80|0x0000000085000000, 0x0000000085000000, 0x0000000085100000|  0%| F|  |TAMS 0x0000000085000000, 0x0000000085000000| Untracked 
|  81|0x0000000085100000, 0x0000000085100000, 0x0000000085200000|  0%| F|  |TAMS 0x0000000085100000, 0x0000000085100000| Untracked 
|  82|0x0000000085200000, 0x0000000085200000, 0x0000000085300000|  0%| F|  |TAMS 0x0000000085200000, 0x0000000085200000| Untracked 
|  83|0x0000000085300000, 0x0000000085300000, 0x0000000085400000|  0%| F|  |TAMS 0x0000000085300000, 0x0000000085300000| Untracked 
|  84|0x0000000085400000, 0x0000000085400000, 0x0000000085500000|  0%| F|  |TAMS 0x0000000085400000, 0x0000000085400000| Untracked 
|  85|0x0000000085500000, 0x0000000085500000, 0x0000000085600000|  0%| F|  |TAMS 0x0000000085500000, 0x0000000085500000| Untracked 
|  86|0x0000000085600000, 0x0000000085600000, 0x0000000085700000|  0%| F|  |TAMS 0x0000000085600000, 0x0000000085600000| Untracked 
|  87|0x0000000085700000, 0x0000000085700000, 0x0000000085800000|  0%| F|  |TAMS 0x0000000085700000, 0x0000000085700000| Untracked 
|  88|0x0000000085800000, 0x0000000085800000, 0x0000000085900000|  0%| F|  |TAMS 0x0000000085800000, 0x0000000085800000| Untracked 
|  89|0x0000000085900000, 0x0000000085900000, 0x0000000085a00000|  0%| F|  |TAMS 0x0000000085900000, 0x0000000085900000| Untracked 
|  90|0x0000000085a00000, 0x0000000085a00000, 0x0000000085b00000|  0%| F|  |TAMS 0x0000000085a00000, 0x0000000085a00000| Untracked 
|  91|0x0000000085b00000, 0x0000000085b00000, 0x0000000085c00000|  0%| F|  |TAMS 0x0000000085b00000, 0x0000000085b00000| Untracked 
|  92|0x0000000085c00000, 0x0000000085c00000, 0x0000000085d00000|  0%| F|  |TAMS 0x0000000085c00000, 0x0000000085c00000| Untracked 
|  93|0x0000000085d00000, 0x0000000085d00000, 0x0000000085e00000|  0%| F|  |TAMS 0x0000000085d00000, 0x0000000085d00000| Untracked 
|  94|0x0000000085e00000, 0x0000000085e00000, 0x0000000085f00000|  0%| F|  |TAMS 0x0000000085e00000, 0x0000000085e00000| Untracked 
|  95|0x0000000085f00000, 0x0000000085f00000, 0x0000000086000000|  0%| F|  |TAMS 0x0000000085f00000, 0x0000000085f00000| Untracked 
|  96|0x0000000086000000, 0x0000000086000000, 0x0000000086100000|  0%| F|  |TAMS 0x0000000086000000, 0x0000000086000000| Untracked 
|  97|0x0000000086100000, 0x0000000086100000, 0x0000000086200000|  0%| F|  |TAMS 0x0000000086100000, 0x0000000086100000| Untracked 
|  98|0x0000000086200000, 0x0000000086200000, 0x0000000086300000|  0%| F|  |TAMS 0x0000000086200000, 0x0000000086200000| Untracked 
|  99|0x0000000086300000, 0x0000000086300000, 0x0000000086400000|  0%| F|  |TAMS 0x0000000086300000, 0x0000000086300000| Untracked 
| 100|0x0000000086400000, 0x0000000086400000, 0x0000000086500000|  0%| F|  |TAMS 0x0000000086400000, 0x0000000086400000| Untracked 
| 101|0x0000000086500000, 0x0000000086500000, 0x0000000086600000|  0%| F|  |TAMS 0x0000000086500000, 0x0000000086500000| Untracked 
| 102|0x0000000086600000, 0x0000000086600000, 0x0000000086700000|  0%| F|  |TAMS 0x0000000086600000, 0x0000000086600000| Untracked 
| 103|0x0000000086700000, 0x0000000086700000, 0x0000000086800000|  0%| F|  |TAMS 0x0000000086700000, 0x0000000086700000| Untracked 
| 104|0x0000000086800000, 0x0000000086800000, 0x0000000086900000|  0%| F|  |TAMS 0x0000000086800000, 0x0000000086800000| Untracked 
| 105|0x0000000086900000, 0x0000000086900000, 0x0000000086a00000|  0%| F|  |TAMS 0x0000000086900000, 0x0000000086900000| Untracked 
| 106|0x0000000086a00000, 0x0000000086a00000, 0x0000000086b00000|  0%| F|  |TAMS 0x0000000086a00000, 0x0000000086a00000| Untracked 
| 107|0x0000000086b00000, 0x0000000086b00000, 0x0000000086c00000|  0%| F|  |TAMS 0x0000000086b00000, 0x0000000086b00000| Untracked 
| 108|0x0000000086c00000, 0x0000000086c00000, 0x0000000086d00000|  0%| F|  |TAMS 0x0000000086c00000, 0x0000000086c00000| Untracked 
| 109|0x0000000086d00000, 0x0000000086d00000, 0x0000000086e00000|  0%| F|  |TAMS 0x0000000086d00000, 0x0000000086d00000| Untracked 
| 110|0x0000000086e00000, 0x0000000086e00000, 0x0000000086f00000|  0%| F|  |TAMS 0x0000000086e00000, 0x0000000086e00000| Untracked 
| 111|0x0000000086f00000, 0x0000000086f00000, 0x0000000087000000|  0%| F|  |TAMS 0x0000000086f00000, 0x0000000086f00000| Untracked 
| 112|0x0000000087000000, 0x0000000087000000, 0x0000000087100000|  0%| F|  |TAMS 0x0000000087000000, 0x0000000087000000| Untracked 
| 113|0x0000000087100000, 0x0000000087100000, 0x0000000087200000|  0%| F|  |TAMS 0x0000000087100000, 0x0000000087100000| Untracked 
| 114|0x0000000087200000, 0x0000000087200000, 0x0000000087300000|  0%| F|  |TAMS 0x0000000087200000, 0x0000000087200000| Untracked 
| 115|0x0000000087300000, 0x0000000087300000, 0x0000000087400000|  0%| F|  |TAMS 0x0000000087300000, 0x0000000087300000| Untracked 
| 116|0x0000000087400000, 0x0000000087400000, 0x0000000087500000|  0%| F|  |TAMS 0x0000000087400000, 0x0000000087400000| Untracked 
| 117|0x0000000087500000, 0x0000000087500000, 0x0000000087600000|  0%| F|  |TAMS 0x0000000087500000, 0x0000000087500000| Untracked 
| 118|0x0000000087600000, 0x0000000087600000, 0x0000000087700000|  0%| F|  |TAMS 0x0000000087600000, 0x0000000087600000| Untracked 
| 119|0x0000000087700000, 0x0000000087700000, 0x0000000087800000|  0%| F|  |TAMS 0x0000000087700000, 0x0000000087700000| Untracked 
| 120|0x0000000087800000, 0x0000000087800000, 0x0000000087900000|  0%| F|  |TAMS 0x0000000087800000, 0x0000000087800000| Untracked 
| 121|0x0000000087900000, 0x0000000087900000, 0x0000000087a00000|  0%| F|  |TAMS 0x0000000087900000, 0x0000000087900000| Untracked 
| 122|0x0000000087a00000, 0x0000000087a00000, 0x0000000087b00000|  0%| F|  |TAMS 0x0000000087a00000, 0x0000000087a00000| Untracked 
| 123|0x0000000087b00000, 0x0000000087b00000, 0x0000000087c00000|  0%| F|  |TAMS 0x0000000087b00000, 0x0000000087b00000| Untracked 
| 124|0x0000000087c00000, 0x0000000087c00000, 0x0000000087d00000|  0%| F|  |TAMS 0x0000000087c00000, 0x0000000087c00000| Untracked 
| 125|0x0000000087d00000, 0x0000000087d00000, 0x0000000087e00000|  0%| F|  |TAMS 0x0000000087d00000, 0x0000000087d00000| Untracked 
| 126|0x0000000087e00000, 0x0000000087e00000, 0x0000000087f00000|  0%| F|  |TAMS 0x0000000087e00000, 0x0000000087e00000| Untracked 
| 127|0x0000000087f00000, 0x0000000087f00000, 0x0000000088000000|  0%| F|  |TAMS 0x0000000087f00000, 0x0000000087f00000| Untracked 
| 128|0x0000000088000000, 0x0000000088000000, 0x0000000088100000|  0%| F|  |TAMS 0x0000000088000000, 0x0000000088000000| Untracked 
| 129|0x0000000088100000, 0x0000000088100000, 0x0000000088200000|  0%| F|  |TAMS 0x0000000088100000, 0x0000000088100000| Untracked 
| 130|0x0000000088200000, 0x0000000088200000, 0x0000000088300000|  0%| F|  |TAMS 0x0000000088200000, 0x0000000088200000| Untracked 
| 131|0x0000000088300000, 0x0000000088300000, 0x0000000088400000|  0%| F|  |TAMS 0x0000000088300000, 0x0000000088300000| Untracked 
| 132|0x0000000088400000, 0x0000000088400000, 0x0000000088500000|  0%| F|  |TAMS 0x0000000088400000, 0x0000000088400000| Untracked 
| 133|0x0000000088500000, 0x0000000088500000, 0x0000000088600000|  0%| F|  |TAMS 0x0000000088500000, 0x0000000088500000| Untracked 
| 134|0x0000000088600000, 0x0000000088600000, 0x0000000088700000|  0%| F|  |TAMS 0x0000000088600000, 0x0000000088600000| Untracked 
| 135|0x0000000088700000, 0x0000000088700000, 0x0000000088800000|  0%| F|  |TAMS 0x0000000088700000, 0x0000000088700000| Untracked 
| 136|0x0000000088800000, 0x0000000088800000, 0x0000000088900000|  0%| F|  |TAMS 0x0000000088800000, 0x0000000088800000| Untracked 
| 137|0x0000000088900000, 0x0000000088900000, 0x0000000088a00000|  0%| F|  |TAMS 0x0000000088900000, 0x0000000088900000| Untracked 
| 138|0x0000000088a00000, 0x0000000088a00000, 0x0000000088b00000|  0%| F|  |TAMS 0x0000000088a00000, 0x0000000088a00000| Untracked 
| 139|0x0000000088b00000, 0x0000000088b00000, 0x0000000088c00000|  0%| F|  |TAMS 0x0000000088b00000, 0x0000000088b00000| Untracked 
| 140|0x0000000088c00000, 0x0000000088c00000, 0x0000000088d00000|  0%| F|  |TAMS 0x0000000088c00000, 0x0000000088c00000| Untracked 
| 141|0x0000000088d00000, 0x0000000088d00000, 0x0000000088e00000|  0%| F|  |TAMS 0x0000000088d00000, 0x0000000088d00000| Untracked 
| 142|0x0000000088e00000, 0x0000000088e00000, 0x0000000088f00000|  0%| F|  |TAMS 0x0000000088e00000, 0x0000000088e00000| Untracked 
| 143|0x0000000088f00000, 0x0000000088f00000, 0x0000000089000000|  0%| F|  |TAMS 0x0000000088f00000, 0x0000000088f00000| Untracked 
| 144|0x0000000089000000, 0x0000000089000000, 0x0000000089100000|  0%| F|  |TAMS 0x0000000089000000, 0x0000000089000000| Untracked 
| 145|0x0000000089100000, 0x0000000089100000, 0x0000000089200000|  0%| F|  |TAMS 0x0000000089100000, 0x0000000089100000| Untracked 
| 146|0x0000000089200000, 0x00000000892d01b0, 0x0000000089300000| 81%| S|CS|TAMS 0x0000000089200000, 0x0000000089200000| Complete 
| 147|0x0000000089300000, 0x0000000089400000, 0x0000000089400000|100%| S|CS|TAMS 0x0000000089300000, 0x0000000089300000| Complete 
| 148|0x0000000089400000, 0x0000000089500000, 0x0000000089500000|100%| S|CS|TAMS 0x0000000089400000, 0x0000000089400000| Complete 
| 149|0x0000000089500000, 0x0000000089600000, 0x0000000089600000|100%| S|CS|TAMS 0x0000000089500000, 0x0000000089500000| Complete 
| 150|0x0000000089600000, 0x0000000089700000, 0x0000000089700000|100%| S|CS|TAMS 0x0000000089600000, 0x0000000089600000| Complete 
| 151|0x0000000089700000, 0x0000000089800000, 0x0000000089800000|100%| S|CS|TAMS 0x0000000089700000, 0x0000000089700000| Complete 
| 152|0x0000000089800000, 0x0000000089900000, 0x0000000089900000|100%| S|CS|TAMS 0x0000000089800000, 0x0000000089800000| Complete 
| 153|0x0000000089900000, 0x0000000089a00000, 0x0000000089a00000|100%| S|CS|TAMS 0x0000000089900000, 0x0000000089900000| Complete 
| 154|0x0000000089a00000, 0x0000000089b00000, 0x0000000089b00000|100%| S|CS|TAMS 0x0000000089a00000, 0x0000000089a00000| Complete 
| 155|0x0000000089b00000, 0x0000000089c00000, 0x0000000089c00000|100%| S|CS|TAMS 0x0000000089b00000, 0x0000000089b00000| Complete 
| 156|0x0000000089c00000, 0x0000000089c00000, 0x0000000089d00000|  0%| F|  |TAMS 0x0000000089c00000, 0x0000000089c00000| Untracked 
| 157|0x0000000089d00000, 0x0000000089d00000, 0x0000000089e00000|  0%| F|  |TAMS 0x0000000089d00000, 0x0000000089d00000| Untracked 
| 158|0x0000000089e00000, 0x0000000089e00000, 0x0000000089f00000|  0%| F|  |TAMS 0x0000000089e00000, 0x0000000089e00000| Untracked 
| 159|0x0000000089f00000, 0x0000000089f00000, 0x000000008a000000|  0%| F|  |TAMS 0x0000000089f00000, 0x0000000089f00000| Untracked 
| 160|0x000000008a000000, 0x000000008a000000, 0x000000008a100000|  0%| F|  |TAMS 0x000000008a000000, 0x000000008a000000| Untracked 
| 161|0x000000008a100000, 0x000000008a100000, 0x000000008a200000|  0%| F|  |TAMS 0x000000008a100000, 0x000000008a100000| Untracked 
| 162|0x000000008a200000, 0x000000008a200000, 0x000000008a300000|  0%| F|  |TAMS 0x000000008a200000, 0x000000008a200000| Untracked 
| 163|0x000000008a300000, 0x000000008a300000, 0x000000008a400000|  0%| F|  |TAMS 0x000000008a300000, 0x000000008a300000| Untracked 
| 164|0x000000008a400000, 0x000000008a400000, 0x000000008a500000|  0%| F|  |TAMS 0x000000008a400000, 0x000000008a400000| Untracked 
| 165|0x000000008a500000, 0x000000008a500000, 0x000000008a600000|  0%| F|  |TAMS 0x000000008a500000, 0x000000008a500000| Untracked 
| 166|0x000000008a600000, 0x000000008a680800, 0x000000008a700000| 50%| E|  |TAMS 0x000000008a600000, 0x000000008a600000| Complete 
| 167|0x000000008a700000, 0x000000008a800000, 0x000000008a800000|100%| E|CS|TAMS 0x000000008a700000, 0x000000008a700000| Complete 
| 168|0x000000008a800000, 0x000000008a900000, 0x000000008a900000|100%| E|CS|TAMS 0x000000008a800000, 0x000000008a800000| Complete 
| 169|0x000000008a900000, 0x000000008aa00000, 0x000000008aa00000|100%| E|CS|TAMS 0x000000008a900000, 0x000000008a900000| Complete 
| 170|0x000000008aa00000, 0x000000008ab00000, 0x000000008ab00000|100%| E|CS|TAMS 0x000000008aa00000, 0x000000008aa00000| Complete 
| 171|0x000000008ab00000, 0x000000008ac00000, 0x000000008ac00000|100%| E|CS|TAMS 0x000000008ab00000, 0x000000008ab00000| Complete 
| 172|0x000000008ac00000, 0x000000008ad00000, 0x000000008ad00000|100%| E|CS|TAMS 0x000000008ac00000, 0x000000008ac00000| Complete 
| 173|0x000000008ad00000, 0x000000008ae00000, 0x000000008ae00000|100%| E|CS|TAMS 0x000000008ad00000, 0x000000008ad00000| Complete 
| 174|0x000000008ae00000, 0x000000008af00000, 0x000000008af00000|100%| E|CS|TAMS 0x000000008ae00000, 0x000000008ae00000| Complete 
| 175|0x000000008af00000, 0x000000008b000000, 0x000000008b000000|100%| E|CS|TAMS 0x000000008af00000, 0x000000008af00000| Complete 
| 176|0x000000008b000000, 0x000000008b100000, 0x000000008b100000|100%| E|CS|TAMS 0x000000008b000000, 0x000000008b000000| Complete 
| 177|0x000000008b100000, 0x000000008b200000, 0x000000008b200000|100%| E|CS|TAMS 0x000000008b100000, 0x000000008b100000| Complete 
| 178|0x000000008b200000, 0x000000008b300000, 0x000000008b300000|100%| E|CS|TAMS 0x000000008b200000, 0x000000008b200000| Complete 
| 179|0x000000008b300000, 0x000000008b400000, 0x000000008b400000|100%| E|CS|TAMS 0x000000008b300000, 0x000000008b300000| Complete 
| 180|0x000000008b400000, 0x000000008b500000, 0x000000008b500000|100%| E|CS|TAMS 0x000000008b400000, 0x000000008b400000| Complete 
| 181|0x000000008b500000, 0x000000008b600000, 0x000000008b600000|100%| E|CS|TAMS 0x000000008b500000, 0x000000008b500000| Complete 
| 182|0x000000008b600000, 0x000000008b700000, 0x000000008b700000|100%| E|CS|TAMS 0x000000008b600000, 0x000000008b600000| Complete 
| 183|0x000000008b700000, 0x000000008b800000, 0x000000008b800000|100%| E|CS|TAMS 0x000000008b700000, 0x000000008b700000| Complete 
| 184|0x000000008b800000, 0x000000008b900000, 0x000000008b900000|100%| E|CS|TAMS 0x000000008b800000, 0x000000008b800000| Complete 
| 185|0x000000008b900000, 0x000000008ba00000, 0x000000008ba00000|100%| E|CS|TAMS 0x000000008b900000, 0x000000008b900000| Complete 
| 186|0x000000008ba00000, 0x000000008bb00000, 0x000000008bb00000|100%| E|CS|TAMS 0x000000008ba00000, 0x000000008ba00000| Complete 
| 187|0x000000008bb00000, 0x000000008bc00000, 0x000000008bc00000|100%| E|CS|TAMS 0x000000008bb00000, 0x000000008bb00000| Complete 
| 188|0x000000008bc00000, 0x000000008bd00000, 0x000000008bd00000|100%| E|CS|TAMS 0x000000008bc00000, 0x000000008bc00000| Complete 
| 189|0x000000008bd00000, 0x000000008be00000, 0x000000008be00000|100%| E|CS|TAMS 0x000000008bd00000, 0x000000008bd00000| Complete 
| 190|0x000000008be00000, 0x000000008bf00000, 0x000000008bf00000|100%| E|CS|TAMS 0x000000008be00000, 0x000000008be00000| Complete 
| 191|0x000000008bf00000, 0x000000008c000000, 0x000000008c000000|100%| E|CS|TAMS 0x000000008bf00000, 0x000000008bf00000| Complete 
| 192|0x000000008c000000, 0x000000008c100000, 0x000000008c100000|100%| E|CS|TAMS 0x000000008c000000, 0x000000008c000000| Complete 
| 193|0x000000008c100000, 0x000000008c200000, 0x000000008c200000|100%| E|CS|TAMS 0x000000008c100000, 0x000000008c100000| Complete 
| 194|0x000000008c200000, 0x000000008c300000, 0x000000008c300000|100%| E|CS|TAMS 0x000000008c200000, 0x000000008c200000| Complete 
| 195|0x000000008c300000, 0x000000008c400000, 0x000000008c400000|100%| E|CS|TAMS 0x000000008c300000, 0x000000008c300000| Complete 
| 196|0x000000008c400000, 0x000000008c500000, 0x000000008c500000|100%| E|CS|TAMS 0x000000008c400000, 0x000000008c400000| Complete 
| 197|0x000000008c500000, 0x000000008c600000, 0x000000008c600000|100%| E|CS|TAMS 0x000000008c500000, 0x000000008c500000| Complete 
| 198|0x000000008c600000, 0x000000008c700000, 0x000000008c700000|100%| E|CS|TAMS 0x000000008c600000, 0x000000008c600000| Complete 
| 199|0x000000008c700000, 0x000000008c800000, 0x000000008c800000|100%| E|CS|TAMS 0x000000008c700000, 0x000000008c700000| Complete 
| 200|0x000000008c800000, 0x000000008c900000, 0x000000008c900000|100%| E|CS|TAMS 0x000000008c800000, 0x000000008c800000| Complete 
| 201|0x000000008c900000, 0x000000008ca00000, 0x000000008ca00000|100%| E|CS|TAMS 0x000000008c900000, 0x000000008c900000| Complete 
| 202|0x000000008ca00000, 0x000000008cb00000, 0x000000008cb00000|100%| E|CS|TAMS 0x000000008ca00000, 0x000000008ca00000| Complete 
| 203|0x000000008cb00000, 0x000000008cc00000, 0x000000008cc00000|100%| E|CS|TAMS 0x000000008cb00000, 0x000000008cb00000| Complete 
| 204|0x000000008cc00000, 0x000000008cd00000, 0x000000008cd00000|100%| E|CS|TAMS 0x000000008cc00000, 0x000000008cc00000| Complete 
| 205|0x000000008cd00000, 0x000000008ce00000, 0x000000008ce00000|100%| E|CS|TAMS 0x000000008cd00000, 0x000000008cd00000| Complete 
| 206|0x000000008ce00000, 0x000000008cf00000, 0x000000008cf00000|100%| E|CS|TAMS 0x000000008ce00000, 0x000000008ce00000| Complete 
| 207|0x000000008cf00000, 0x000000008d000000, 0x000000008d000000|100%| E|CS|TAMS 0x000000008cf00000, 0x000000008cf00000| Complete 
| 208|0x000000008d000000, 0x000000008d100000, 0x000000008d100000|100%| E|CS|TAMS 0x000000008d000000, 0x000000008d000000| Complete 
| 209|0x000000008d100000, 0x000000008d200000, 0x000000008d200000|100%| E|CS|TAMS 0x000000008d100000, 0x000000008d100000| Complete 
| 210|0x000000008d200000, 0x000000008d300000, 0x000000008d300000|100%| E|CS|TAMS 0x000000008d200000, 0x000000008d200000| Complete 
| 211|0x000000008d300000, 0x000000008d400000, 0x000000008d400000|100%| E|CS|TAMS 0x000000008d300000, 0x000000008d300000| Complete 
| 212|0x000000008d400000, 0x000000008d500000, 0x000000008d500000|100%| E|  |TAMS 0x000000008d400000, 0x000000008d400000| Complete 
| 213|0x000000008d500000, 0x000000008d600000, 0x000000008d600000|100%| E|CS|TAMS 0x000000008d500000, 0x000000008d500000| Complete 
| 214|0x000000008d600000, 0x000000008d700000, 0x000000008d700000|100%| E|CS|TAMS 0x000000008d600000, 0x000000008d600000| Complete 
| 215|0x000000008d700000, 0x000000008d800000, 0x000000008d800000|100%| E|CS|TAMS 0x000000008d700000, 0x000000008d700000| Complete 
| 216|0x000000008d800000, 0x000000008d900000, 0x000000008d900000|100%| E|CS|TAMS 0x000000008d800000, 0x000000008d800000| Complete 
| 217|0x000000008d900000, 0x000000008da00000, 0x000000008da00000|100%| E|CS|TAMS 0x000000008d900000, 0x000000008d900000| Complete 
| 218|0x000000008da00000, 0x000000008db00000, 0x000000008db00000|100%| E|CS|TAMS 0x000000008da00000, 0x000000008da00000| Complete 
| 219|0x000000008db00000, 0x000000008dc00000, 0x000000008dc00000|100%| E|CS|TAMS 0x000000008db00000, 0x000000008db00000| Complete 
| 220|0x000000008dc00000, 0x000000008dd00000, 0x000000008dd00000|100%| E|CS|TAMS 0x000000008dc00000, 0x000000008dc00000| Complete 
| 221|0x000000008dd00000, 0x000000008de00000, 0x000000008de00000|100%| E|CS|TAMS 0x000000008dd00000, 0x000000008dd00000| Complete 
| 222|0x000000008de00000, 0x000000008df00000, 0x000000008df00000|100%| E|CS|TAMS 0x000000008de00000, 0x000000008de00000| Complete 
| 223|0x000000008df00000, 0x000000008e000000, 0x000000008e000000|100%| E|CS|TAMS 0x000000008df00000, 0x000000008df00000| Complete 
| 224|0x000000008e000000, 0x000000008e100000, 0x000000008e100000|100%| E|CS|TAMS 0x000000008e000000, 0x000000008e000000| Complete 
| 225|0x000000008e100000, 0x000000008e200000, 0x000000008e200000|100%| E|CS|TAMS 0x000000008e100000, 0x000000008e100000| Complete 
| 226|0x000000008e200000, 0x000000008e300000, 0x000000008e300000|100%| E|CS|TAMS 0x000000008e200000, 0x000000008e200000| Complete 
| 227|0x000000008e300000, 0x000000008e400000, 0x000000008e400000|100%| E|CS|TAMS 0x000000008e300000, 0x000000008e300000| Complete 
| 228|0x000000008e400000, 0x000000008e500000, 0x000000008e500000|100%| E|CS|TAMS 0x000000008e400000, 0x000000008e400000| Complete 
| 229|0x000000008e500000, 0x000000008e600000, 0x000000008e600000|100%| E|CS|TAMS 0x000000008e500000, 0x000000008e500000| Complete 
| 230|0x000000008e600000, 0x000000008e700000, 0x000000008e700000|100%| E|CS|TAMS 0x000000008e600000, 0x000000008e600000| Complete 
| 231|0x000000008e700000, 0x000000008e800000, 0x000000008e800000|100%| E|CS|TAMS 0x000000008e700000, 0x000000008e700000| Complete 
| 232|0x000000008e800000, 0x000000008e900000, 0x000000008e900000|100%| E|CS|TAMS 0x000000008e800000, 0x000000008e800000| Complete 
| 233|0x000000008e900000, 0x000000008ea00000, 0x000000008ea00000|100%| E|CS|TAMS 0x000000008e900000, 0x000000008e900000| Complete 
| 234|0x000000008ea00000, 0x000000008eb00000, 0x000000008eb00000|100%| E|CS|TAMS 0x000000008ea00000, 0x000000008ea00000| Complete 
| 235|0x000000008eb00000, 0x000000008ec00000, 0x000000008ec00000|100%| E|CS|TAMS 0x000000008eb00000, 0x000000008eb00000| Complete 
| 236|0x000000008ec00000, 0x000000008ed00000, 0x000000008ed00000|100%| E|CS|TAMS 0x000000008ec00000, 0x000000008ec00000| Complete 
| 237|0x000000008ed00000, 0x000000008ee00000, 0x000000008ee00000|100%| E|CS|TAMS 0x000000008ed00000, 0x000000008ed00000| Complete 
| 238|0x000000008ee00000, 0x000000008ef00000, 0x000000008ef00000|100%| E|CS|TAMS 0x000000008ee00000, 0x000000008ee00000| Complete 
| 239|0x000000008ef00000, 0x000000008f000000, 0x000000008f000000|100%| E|CS|TAMS 0x000000008ef00000, 0x000000008ef00000| Complete 
| 240|0x000000008f000000, 0x000000008f100000, 0x000000008f100000|100%| E|CS|TAMS 0x000000008f000000, 0x000000008f000000| Complete 
| 241|0x000000008f100000, 0x000000008f200000, 0x000000008f200000|100%| E|CS|TAMS 0x000000008f100000, 0x000000008f100000| Complete 
| 242|0x000000008f200000, 0x000000008f300000, 0x000000008f300000|100%| E|CS|TAMS 0x000000008f200000, 0x000000008f200000| Complete 
| 243|0x000000008f300000, 0x000000008f400000, 0x000000008f400000|100%| E|CS|TAMS 0x000000008f300000, 0x000000008f300000| Complete 
| 244|0x000000008f400000, 0x000000008f500000, 0x000000008f500000|100%| E|CS|TAMS 0x000000008f400000, 0x000000008f400000| Complete 
| 245|0x000000008f500000, 0x000000008f600000, 0x000000008f600000|100%| E|CS|TAMS 0x000000008f500000, 0x000000008f500000| Complete 
| 246|0x000000008f600000, 0x000000008f700000, 0x000000008f700000|100%| E|CS|TAMS 0x000000008f600000, 0x000000008f600000| Complete 
| 247|0x000000008f700000, 0x000000008f800000, 0x000000008f800000|100%| E|CS|TAMS 0x000000008f700000, 0x000000008f700000| Complete 
| 248|0x000000008f800000, 0x000000008f900000, 0x000000008f900000|100%| E|CS|TAMS 0x000000008f800000, 0x000000008f800000| Complete 
| 249|0x000000008f900000, 0x000000008fa00000, 0x000000008fa00000|100%| E|CS|TAMS 0x000000008f900000, 0x000000008f900000| Complete 
| 250|0x000000008fa00000, 0x000000008fb00000, 0x000000008fb00000|100%| E|CS|TAMS 0x000000008fa00000, 0x000000008fa00000| Complete 
| 251|0x000000008fb00000, 0x000000008fc00000, 0x000000008fc00000|100%| E|CS|TAMS 0x000000008fb00000, 0x000000008fb00000| Complete 
| 252|0x000000008fc00000, 0x000000008fd00000, 0x000000008fd00000|100%| E|CS|TAMS 0x000000008fc00000, 0x000000008fc00000| Complete 
| 253|0x000000008fd00000, 0x000000008fe00000, 0x000000008fe00000|100%| E|CS|TAMS 0x000000008fd00000, 0x000000008fd00000| Complete 

Card table byte_map: [0x00000202fe980000,0x00000202fed80000] _byte_map_base: 0x00000202fe580000

Marking Bits (Prev, Next): (CMBitMap*) 0x00000202f9fbb248, (CMBitMap*) 0x00000202f9fbb280
 Prev Bits: [0x000002028f000000, 0x0000020291000000)
 Next Bits: [0x0000020291000000, 0x0000020293000000)

Polling page: 0x00000202f85d0000

Metaspace:

Usage:
  Non-class:     43.55 MB capacity,    42.73 MB ( 98%) used,   726.46 KB (  2%) free+waste,   114.13 KB ( <1%) overhead. 
      Class:      6.66 MB capacity,     6.25 MB ( 94%) used,   367.14 KB (  5%) free+waste,    54.88 KB ( <1%) overhead. 
       Both:     50.21 MB capacity,    48.98 MB ( 98%) used,     1.07 MB (  2%) free+waste,   169.00 KB ( <1%) overhead. 

Virtual space:
  Non-class space:       44.00 MB reserved,      43.75 MB (>99%) committed 
      Class space:        1.00 GB reserved,       6.75 MB ( <1%) committed 
             Both:        1.04 GB reserved,      50.50 MB (  5%) committed 

Chunk freelists:
   Non-Class:  8.00 KB
       Class:  28.00 KB
        Both:  36.00 KB

MaxMetaspaceSize: 17179869184.00 GB
CompressedClassSpaceSize: 1.00 GB

CodeHeap 'non-profiled nmethods': size=120000Kb used=2414Kb max_used=2414Kb free=117585Kb
 bounds [0x0000020287ad0000, 0x0000020287d40000, 0x000002028f000000]
CodeHeap 'profiled nmethods': size=120000Kb used=8753Kb max_used=8753Kb free=111247Kb
 bounds [0x00000202805a0000, 0x0000020280e30000, 0x0000020287ad0000]
CodeHeap 'non-nmethods': size=5760Kb used=2205Kb max_used=2248Kb free=3554Kb
 bounds [0x0000020280000000, 0x0000020280270000, 0x00000202805a0000]
 total_blobs=5081 nmethods=4309 adapters=683
 compilation: enabled
              stopped_count=0, restarted_count=0
 full_count=0

Compilation events (20 events):
Event: 6.287 Thread 0x000002029589d000 4514       3       java.lang.System::getProperty (25 bytes)
Event: 6.287 Thread 0x000002029589d000 nmethod 4514 0x0000020280e20410 code [0x0000020280e20640, 0x0000020280e20c08]
Event: 6.288 Thread 0x000002029589d000 4517       3       java.lang.invoke.LambdaFormEditor::getInCache (186 bytes)
Event: 6.289 Thread 0x0000020295898800 4518       4       java.lang.invoke.LambdaForm$Name::lastUseIndex (36 bytes)
Event: 6.289 Thread 0x000002029589d000 nmethod 4517 0x0000020280e20e10 code [0x0000020280e210a0, 0x0000020280e21fe8]
Event: 6.289 Thread 0x000002029589d000 4515       3       java.lang.invoke.LambdaFormEditor$Transform::inRange (36 bytes)
Event: 6.289 Thread 0x000002029589d000 nmethod 4515 0x0000020280e22390 code [0x0000020280e22540, 0x0000020280e22698]
Event: 6.289 Thread 0x000002029589d000 4516       3       java.lang.invoke.LambdaFormEditor$Transform::<init> (28 bytes)
Event: 6.289 Thread 0x000002029589d000 nmethod 4516 0x0000020280e22710 code [0x0000020280e228e0, 0x0000020280e22bc8]
Event: 6.290 Thread 0x000002029589d000 4520       3       java.lang.invoke.LambdaFormBuffer::growNames (281 bytes)
Event: 6.290 Thread 0x0000020295898800 nmethod 4518 0x0000020287d29f90 code [0x0000020287d2a120, 0x0000020287d2a238]
Event: 6.290 Thread 0x0000020295898800 4521       4       java.lang.invoke.LambdaForm$Name::replaceNames (174 bytes)
Event: 6.290 Thread 0x000002029589d000 nmethod 4520 0x0000020280e22d10 code [0x0000020280e22fc0, 0x0000020280e24018]
Event: 6.290 Thread 0x000002029589d000 4523       3       java.lang.invoke.LambdaFormBuffer::clearDuplicatesAndNulls (268 bytes)
Event: 6.291 Thread 0x000002029589d000 nmethod 4523 0x0000020280e24590 code [0x0000020280e24840, 0x0000020280e257d8]
Event: 6.291 Thread 0x000002029589d000 4522       3       java.lang.invoke.LambdaFormBuffer::endEdit (308 bytes)
Event: 6.291 Thread 0x000002029589d000 nmethod 4522 0x0000020280e25d10 code [0x0000020280e25fa0, 0x0000020280e26d18]
Event: 6.291 Thread 0x000002029589d000 4524       3       java.lang.invoke.LambdaFormBuffer::insertName (106 bytes)
Event: 6.291 Thread 0x000002029589d000 nmethod 4524 0x0000020280e27110 code [0x0000020280e272e0, 0x0000020280e274f8]
Event: 6.291 Thread 0x000002029589d000 4529       3       java.lang.invoke.MethodTypeForm::<init> (687 bytes)

GC Heap History (10 events):
Event: 0.935 GC heap before
{Heap before GC invocations=0 (full 0):
 garbage-first heap   total 260096K, used 29696K [0x0000000080000000, 0x0000000100000000)
  region size 1024K, 24 young (24576K), 0 survivors (0K)
 Metaspace       used 10385K, capacity 10640K, committed 11008K, reserved 1058816K
  class space    used 1098K, capacity 1164K, committed 1280K, reserved 1048576K
}
Event: 0.940 GC heap after
{Heap after GC invocations=1 (full 0):
 garbage-first heap   total 260096K, used 8852K [0x0000000080000000, 0x0000000100000000)
  region size 1024K, 3 young (3072K), 3 survivors (3072K)
 Metaspace       used 10385K, capacity 10640K, committed 11008K, reserved 1058816K
  class space    used 1098K, capacity 1164K, committed 1280K, reserved 1048576K
}
Event: 2.810 GC heap before
{Heap before GC invocations=1 (full 0):
 garbage-first heap   total 260096K, used 92820K [0x0000000080000000, 0x0000000100000000)
  region size 1024K, 87 young (89088K), 3 survivors (3072K)
 Metaspace       used 20615K, capacity 21105K, committed 21248K, reserved 1067008K
  class space    used 2532K, capacity 2710K, committed 2816K, reserved 1048576K
}
Event: 2.819 GC heap after
{Heap after GC invocations=2 (full 0):
 garbage-first heap   total 260096K, used 15740K [0x0000000080000000, 0x0000000100000000)
  region size 1024K, 10 young (10240K), 10 survivors (10240K)
 Metaspace       used 20615K, capacity 21105K, committed 21248K, reserved 1067008K
  class space    used 2532K, capacity 2710K, committed 2816K, reserved 1048576K
}
Event: 3.043 GC heap before
{Heap before GC invocations=3 (full 0):
 garbage-first heap   total 260096K, used 36220K [0x0000000080000000, 0x0000000100000000)
  region size 1024K, 30 young (30720K), 10 survivors (10240K)
 Metaspace       used 22508K, capacity 23124K, committed 23424K, reserved 1069056K
  class space    used 2890K, capacity 3108K, committed 3200K, reserved 1048576K
}
Event: 3.049 GC heap after
{Heap after GC invocations=4 (full 0):
 garbage-first heap   total 260096K, used 17269K [0x0000000080000000, 0x0000000100000000)
  region size 1024K, 2 young (2048K), 2 survivors (2048K)
 Metaspace       used 22508K, capacity 23124K, committed 23424K, reserved 1069056K
  class space    used 2890K, capacity 3108K, committed 3200K, reserved 1048576K
}
Event: 4.012 GC heap before
{Heap before GC invocations=4 (full 0):
 garbage-first heap   total 260096K, used 94069K [0x0000000080000000, 0x0000000100000000)
  region size 1024K, 78 young (79872K), 2 survivors (2048K)
 Metaspace       used 35086K, capacity 35769K, committed 35840K, reserved 1081344K
  class space    used 4571K, capacity 4856K, committed 4864K, reserved 1048576K
}
Event: 4.021 GC heap after
{Heap after GC invocations=5 (full 0):
 garbage-first heap   total 260096K, used 21388K [0x0000000080000000, 0x0000000100000000)
  region size 1024K, 6 young (6144K), 6 survivors (6144K)
 Metaspace       used 35086K, capacity 35769K, committed 35840K, reserved 1081344K
  class space    used 4571K, capacity 4856K, committed 4864K, reserved 1048576K
}
Event: 5.029 GC heap before
{Heap before GC invocations=6 (full 0):
 garbage-first heap   total 260096K, used 118668K [0x0000000080000000, 0x0000000100000000)
  region size 1024K, 98 young (100352K), 6 survivors (6144K)
 Metaspace       used 43795K, capacity 44800K, committed 44928K, reserved 1087488K
  class space    used 5631K, capacity 5989K, committed 6016K, reserved 1048576K
}
Event: 5.039 GC heap after
{Heap after GC invocations=7 (full 0):
 garbage-first heap   total 260096K, used 26070K [0x0000000080000000, 0x0000000100000000)
  region size 1024K, 10 young (10240K), 10 survivors (10240K)
 Metaspace       used 43795K, capacity 44800K, committed 44928K, reserved 1087488K
  class space    used 5631K, capacity 5989K, committed 6016K, reserved 1048576K
}

Deoptimization events (20 events):
Event: 6.007 Thread 0x00000202975ed800 Uncommon trap: trap_request=0xffffff4d fr.pc=0x0000020287c26e48 relative=0x0000000000000748
Event: 6.008 Thread 0x00000202975ed800 Uncommon trap: reason=unstable_if action=reinterpret pc=0x0000020287c26e48 method=java.io.BufferedInputStream.read([BII)I @ 56 c2
Event: 6.008 Thread 0x00000202975ed800 DEOPT PACKING pc=0x0000020287c26e48 sp=0x000000fef59f7760
Event: 6.008 Thread 0x00000202975ed800 DEOPT UNPACKING pc=0x00000202800274af sp=0x000000fef59f7718 mode 2
Event: 6.009 Thread 0x00000202975ed800 Uncommon trap: trap_request=0xffffff4d fr.pc=0x0000020287b2faf4 relative=0x0000000000000054
Event: 6.009 Thread 0x00000202975ed800 Uncommon trap: reason=unstable_if action=reinterpret pc=0x0000020287b2faf4 method=java.util.regex.Pattern.has(I)Z @ 6 c2
Event: 6.009 Thread 0x00000202975ed800 DEOPT PACKING pc=0x0000020287b2faf4 sp=0x000000fef59f67f0
Event: 6.009 Thread 0x00000202975ed800 DEOPT UNPACKING pc=0x00000202800274af sp=0x000000fef59f6780 mode 2
Event: 6.020 Thread 0x00000202975ed800 Uncommon trap: trap_request=0xffffff45 fr.pc=0x0000020287c62020 relative=0x0000000000000d60
Event: 6.020 Thread 0x00000202975ed800 Uncommon trap: reason=unstable_fused_if action=reinterpret pc=0x0000020287c62020 method=org.objectweb.asm.ByteVector.putUTF8(Ljava/lang/String;)Lorg/objectweb/asm/ByteVector; @ 93 c2
Event: 6.020 Thread 0x00000202975ed800 DEOPT PACKING pc=0x0000020287c62020 sp=0x000000fef59f8300
Event: 6.020 Thread 0x00000202975ed800 DEOPT UNPACKING pc=0x00000202800274af sp=0x000000fef59f8258 mode 2
Event: 6.022 Thread 0x00000202975ed800 Uncommon trap: trap_request=0xffffff4d fr.pc=0x0000020287c9d188 relative=0x0000000000005ac8
Event: 6.022 Thread 0x00000202975ed800 Uncommon trap: reason=unstable_if action=reinterpret pc=0x0000020287c9d188 method=org.objectweb.asm.Frame.execute(IILorg/objectweb/asm/Symbol;Lorg/objectweb/asm/SymbolTable;)V @ 1 c2
Event: 6.022 Thread 0x00000202975ed800 DEOPT PACKING pc=0x0000020287c9d188 sp=0x000000fef59f84e0
Event: 6.022 Thread 0x00000202975ed800 DEOPT UNPACKING pc=0x00000202800274af sp=0x000000fef59f8488 mode 2
Event: 6.051 Thread 0x00000202975ed800 Uncommon trap: trap_request=0xffffff45 fr.pc=0x0000020287be3ef4 relative=0x0000000000000214
Event: 6.051 Thread 0x00000202975ed800 Uncommon trap: reason=unstable_fused_if action=reinterpret pc=0x0000020287be3ef4 method=org.objectweb.asm.ByteVector.putUTF8(Ljava/lang/String;)Lorg/objectweb/asm/ByteVector; @ 93 c2
Event: 6.051 Thread 0x00000202975ed800 DEOPT PACKING pc=0x0000020287be3ef4 sp=0x000000fef59f8250
Event: 6.051 Thread 0x00000202975ed800 DEOPT UNPACKING pc=0x00000202800274af sp=0x000000fef59f81d0 mode 2

Classes redefined (0 events):
No events

Internal exceptions (20 events):
Event: 5.830 Thread 0x000002029694e800 Exception <a 'java/lang/NoSuchMethodError'{0x000000008fd2d0b0}: <clinit>> (0x000000008fd2d0b0) thrown at [./src/hotspot/share/prims/jni.cpp, line 1362]
Event: 5.831 Thread 0x000002029694e800 Exception <a 'java/lang/NoSuchMethodError'{0x000000008ca18810}: <clinit>> (0x000000008ca18810) thrown at [./src/hotspot/share/prims/jni.cpp, line 1362]
Event: 5.831 Thread 0x000002029694e800 Exception <a 'java/lang/NoSuchMethodError'{0x000000008ca19920}: <clinit>> (0x000000008ca19920) thrown at [./src/hotspot/share/prims/jni.cpp, line 1362]
Event: 5.832 Thread 0x000002029694e800 Exception <a 'java/lang/NoSuchMethodError'{0x000000008ca1ac28}: <clinit>> (0x000000008ca1ac28) thrown at [./src/hotspot/share/prims/jni.cpp, line 1362]
Event: 5.832 Thread 0x000002029694e800 Exception <a 'java/lang/NoSuchMethodError'{0x000000008ca1bc48}: <clinit>> (0x000000008ca1bc48) thrown at [./src/hotspot/share/prims/jni.cpp, line 1362]
Event: 5.832 Thread 0x000002029694e800 Exception <a 'java/lang/NoSuchMethodError'{0x000000008ca25a30}: <clinit>> (0x000000008ca25a30) thrown at [./src/hotspot/share/prims/jni.cpp, line 1362]
Event: 5.833 Thread 0x000002029694e800 Exception <a 'java/lang/NoSuchMethodError'{0x000000008ca2fe98}: <clinit>> (0x000000008ca2fe98) thrown at [./src/hotspot/share/prims/jni.cpp, line 1362]
Event: 5.836 Thread 0x000002029694e800 Exception <a 'java/lang/NoSuchMethodError'{0x000000008ca439e0}: <clinit>> (0x000000008ca439e0) thrown at [./src/hotspot/share/prims/jni.cpp, line 1362]
Event: 5.843 Thread 0x00000202975ed800 Exception <a 'java/lang/ClassNotFoundException'{0x000000008cab3198}: build_eogzvrno59n4129kqxucew4itBeanInfo> (0x000000008cab3198) thrown at [./src/hotspot/share/classfile/systemDictionary.cpp, line 231]
Event: 5.844 Thread 0x00000202975ed800 Exception <a 'java/lang/ClassNotFoundException'{0x000000008cabbfa0}: build_eogzvrno59n4129kqxucew4itCustomizer> (0x000000008cabbfa0) thrown at [./src/hotspot/share/classfile/systemDictionary.cpp, line 231]
Event: 5.853 Thread 0x00000202975ed800 Exception <a 'java/lang/ClassNotFoundException'{0x000000008c92ba48}: org/gradle/plugin/use/internal/PluginRequestCollector$PluginDependenciesSpecImplBeanInfo> (0x000000008c92ba48) thrown at [./src/hotspot/share/classfile/systemDictionary.cpp, line 231]
Event: 5.854 Thread 0x00000202975ed800 Exception <a 'java/lang/ClassNotFoundException'{0x000000008c9517b8}: org/gradle/plugin/use/internal/PluginRequestCollector$PluginDependenciesSpecImplCustomizer> (0x000000008c9517b8) thrown at [./src/hotspot/share/classfile/systemDictionary.cpp, line 231]
Event: 5.861 Thread 0x00000202975ed800 Exception <a 'java/lang/NoSuchMethodError'{0x000000008c9c32a0}: 'void java.lang.invoke.DirectMethodHandle$Holder.invokeInterface(java.lang.Object, java.lang.Object)'> (0x000000008c9c32a0) thrown at [./src/hotspot/share/interpreter/linkResolver.cpp, line 773]
Event: 5.889 Thread 0x00000202975ed800 Exception <a 'java/lang/ClassNotFoundException'{0x000000008c780f60}: org/gradle/api/internal/plugins/DefaultObjectConfigurationActionBeanInfo> (0x000000008c780f60) thrown at [./src/hotspot/share/classfile/systemDictionary.cpp, line 231]
Event: 5.889 Thread 0x00000202975ed800 Exception <a 'java/lang/ClassNotFoundException'{0x000000008c7acd80}: org/gradle/api/internal/plugins/DefaultObjectConfigurationActionCustomizer> (0x000000008c7acd80) thrown at [./src/hotspot/share/classfile/systemDictionary.cpp, line 231]
Event: 6.021 Thread 0x00000202975ed800 Exception <a 'java/lang/NoSuchMethodError'{0x000000008be71ca0}: 'java.lang.Object java.lang.invoke.DirectMethodHandle$Holder.invokeStatic(java.lang.Object, java.lang.Object, java.lang.Object, java.lang.Object, int)'> (0x000000008be71ca0) thrown at [./src/hotspot/share/interpreter/linkResolver.cpp, line 773]
Event: 6.021 Thread 0x00000202975ed800 Exception <a 'java/lang/NoSuchMethodError'{0x000000008be76698}: 'java.lang.Object java.lang.invoke.DirectMethodHandle$Holder.invokeSpecial(java.lang.Object, java.lang.Object, java.lang.Object, java.lang.Object, java.lang.Object, int)'> (0x000000008be76698) thrown at [./src/hotspot/share/interpreter/linkResolver.cpp, line 773]
Event: 6.022 Thread 0x00000202975ed800 Exception <a 'java/lang/NoSuchMethodError'{0x000000008be7acd8}: 'java.lang.Object java.lang.invoke.Invokers$Holder.linkToTargetMethod(java.lang.Object, java.lang.Object, java.lang.Object, int, java.lang.Object)'> (0x000000008be7acd8) thrown at [./src/hotspot/share/interpreter/linkResolver.cpp, line 773]
Event: 6.291 Thread 0x00000202975ed800 Exception <a 'java/lang/NoSuchMethodError'{0x000000008aa038b0}: 'java.lang.Object java.lang.invoke.DirectMethodHandle$Holder.invokeSpecial(java.lang.Object, java.lang.Object, int, int, java.lang.Object, java.lang.Object, java.lang.Object)'> (0x000000008aa038b0) thrown at [./src/hotspot/share/interpreter/linkResolver.cpp, line 773]
Event: 6.291 Thread 0x00000202975ed800 Exception <a 'java/lang/NoSuchMethodError'{0x000000008aa07e30}: 'java.lang.Object java.lang.invoke.DelegatingMethodHandle$Holder.reinvoke_L(java.lang.Object, int, int, java.lang.Object, java.lang.Object, java.lang.Object)'> (0x000000008aa07e30) thrown at [./src/hotspot/share/interpreter/linkResolver.cpp, line 773]

Events (20 events):
Event: 6.284 loading class com/android/utils/XmlUtils
Event: 6.284 loading class com/android/utils/XmlUtils done
Event: 6.284 loading class javax/xml/parsers/ParserConfigurationException
Event: 6.285 loading class javax/xml/parsers/ParserConfigurationException done
Event: 6.285 loading class javax/xml/stream/XMLStreamException
Event: 6.285 loading class javax/xml/stream/XMLStreamException done
Event: 6.285 loading class org/xml/sax/InputSource
Event: 6.286 loading class org/xml/sax/InputSource done
Event: 6.286 loading class javax/xml/parsers/DocumentBuilderFactory
Event: 6.286 loading class javax/xml/parsers/DocumentBuilderFactory done
Event: 6.286 loading class javax/xml/parsers/FactoryFinder
Event: 6.286 loading class javax/xml/parsers/FactoryFinder done
Event: 6.286 loading class jdk/xml/internal/SecuritySupport
Event: 6.287 loading class jdk/xml/internal/SecuritySupport done
Event: 6.287 Executing VM operation: RevokeBias
Event: 6.287 Executing VM operation: RevokeBias done
Event: 6.291 loading class java/lang/invoke/BoundMethodHandle$Species_LI
Event: 6.291 loading class java/lang/invoke/BoundMethodHandle$Species_LI done
Event: 6.291 loading class java/lang/invoke/BoundMethodHandle$Species_LII
Event: 6.291 loading class java/lang/invoke/BoundMethodHandle$Species_LII done


Dynamic libraries:
0x00007ff7f3640000 - 0x00007ff7f364a000 	C:\Program Files\Android\Android Studio\jre\bin\java.exe
0x00007ffe34550000 - 0x00007ffe34745000 	C:\WINDOWS\SYSTEM32\ntdll.dll
0x00007ffe33b30000 - 0x00007ffe33bed000 	C:\WINDOWS\System32\KERNEL32.DLL
0x00007ffe31d90000 - 0x00007ffe32058000 	C:\WINDOWS\System32\KERNELBASE.dll
0x00007ffe322e0000 - 0x00007ffe323e0000 	C:\WINDOWS\System32\ucrtbase.dll
0x00007ffe2b810000 - 0x00007ffe2b829000 	C:\Program Files\Android\Android Studio\jre\bin\jli.dll
0x00007ffe2a8a0000 - 0x00007ffe2a8b7000 	C:\Program Files\Android\Android Studio\jre\bin\VCRUNTIME140.dll
0x00007ffe32620000 - 0x00007ffe327c0000 	C:\WINDOWS\System32\USER32.dll
0x00007ffe32060000 - 0x00007ffe32082000 	C:\WINDOWS\System32\win32u.dll
0x00007ffe33250000 - 0x00007ffe3327a000 	C:\WINDOWS\System32\GDI32.dll
0x00007ffe1c4a0000 - 0x00007ffe1c73a000 	C:\WINDOWS\WinSxS\amd64_microsoft.windows.common-controls_6595b64144ccf1df_6.0.19041.1052_none_60b8f8fd71f5e8cb\COMCTL32.dll
0x00007ffe324b0000 - 0x00007ffe325bb000 	C:\WINDOWS\System32\gdi32full.dll
0x00007ffe333b0000 - 0x00007ffe3344e000 	C:\WINDOWS\System32\msvcrt.dll
0x00007ffe32410000 - 0x00007ffe324ad000 	C:\WINDOWS\System32\msvcp_win.dll
0x00007ffe32900000 - 0x00007ffe32930000 	C:\WINDOWS\System32\IMM32.DLL
0x00007ffe27870000 - 0x00007ffe2790d000 	C:\Program Files\Android\Android Studio\jre\bin\msvcp140.dll
0x00007ffdd1e60000 - 0x00007ffdd291c000 	C:\Program Files\Android\Android Studio\jre\bin\server\jvm.dll
0x00007ffe33300000 - 0x00007ffe333ac000 	C:\WINDOWS\System32\ADVAPI32.dll
0x00007ffe331b0000 - 0x00007ffe3324b000 	C:\WINDOWS\System32\sechost.dll
0x00007ffe338e0000 - 0x00007ffe33a0b000 	C:\WINDOWS\System32\RPCRT4.dll
0x00007ffe332f0000 - 0x00007ffe332f8000 	C:\WINDOWS\System32\PSAPI.DLL
0x00007ffe2f700000 - 0x00007ffe2f727000 	C:\WINDOWS\SYSTEM32\WINMM.dll
0x00007ffe2b5f0000 - 0x00007ffe2b5fa000 	C:\WINDOWS\SYSTEM32\VERSION.dll
0x00007ffe21330000 - 0x00007ffe21339000 	C:\WINDOWS\SYSTEM32\WSOCK32.dll
0x00007ffe34140000 - 0x00007ffe341ab000 	C:\WINDOWS\System32\WS2_32.dll
0x00007ffe305b0000 - 0x00007ffe305c2000 	C:\WINDOWS\SYSTEM32\kernel.appcore.dll
0x00007ffe2cfe0000 - 0x00007ffe2cff1000 	C:\Program Files\Android\Android Studio\jre\bin\verify.dll
0x00007ffe30290000 - 0x00007ffe30474000 	C:\WINDOWS\SYSTEM32\DBGHELP.DLL
0x00007ffe28f80000 - 0x00007ffe28fac000 	C:\WINDOWS\SYSTEM32\dbgcore.DLL
0x00007ffe32090000 - 0x00007ffe32113000 	C:\WINDOWS\System32\bcryptPrimitives.dll
0x00007ffe2b7c0000 - 0x00007ffe2b7e9000 	C:\Program Files\Android\Android Studio\jre\bin\java.dll
0x00007ffe2c040000 - 0x00007ffe2c04b000 	C:\Program Files\Android\Android Studio\jre\bin\jimage.dll
0x00007ffe2bf30000 - 0x00007ffe2bf48000 	C:\Program Files\Android\Android Studio\jre\bin\zip.dll
0x00007ffe32a70000 - 0x00007ffe331af000 	C:\WINDOWS\System32\SHELL32.dll
0x00007ffe2faf0000 - 0x00007ffe30280000 	C:\WINDOWS\SYSTEM32\windows.storage.dll
0x00007ffe341b0000 - 0x00007ffe34505000 	C:\WINDOWS\System32\combase.dll
0x00007ffe31700000 - 0x00007ffe3172c000 	C:\WINDOWS\SYSTEM32\Wldp.dll
0x00007ffe334b0000 - 0x00007ffe3355e000 	C:\WINDOWS\System32\SHCORE.dll
0x00007ffe33450000 - 0x00007ffe334a5000 	C:\WINDOWS\System32\shlwapi.dll
0x00007ffe31bd0000 - 0x00007ffe31bef000 	C:\WINDOWS\SYSTEM32\profapi.dll
0x00007ffe2bee0000 - 0x00007ffe2befa000 	C:\Program Files\Android\Android Studio\jre\bin\net.dll
0x00007ffe2eda0000 - 0x00007ffe2eeab000 	C:\WINDOWS\SYSTEM32\WINHTTP.dll
0x00007ffe31470000 - 0x00007ffe314da000 	C:\WINDOWS\system32\mswsock.dll
0x00007ffe2b9c0000 - 0x00007ffe2b9d4000 	C:\Program Files\Android\Android Studio\jre\bin\nio.dll
0x00007ffe13a60000 - 0x00007ffe13a87000 	C:\Users\PC\.gradle\native\fdc75f09e3144964f2cf3f50f0aa648679c211496f362492102eb8c894070792\windows-amd64\native-platform.dll
0x00007ffde0e60000 - 0x00007ffde0ff6000 	C:\Users\PC\.gradle\native\12488b8bf47d2d4c9fbf2f6322a914ad602e24e48041cd04a747c6da556b65c4\windows-amd64\native-platform-file-events.dll
0x00007ffe2c030000 - 0x00007ffe2c03a000 	C:\Program Files\Android\Android Studio\jre\bin\management.dll
0x00007ffe2ba40000 - 0x00007ffe2ba4c000 	C:\Program Files\Android\Android Studio\jre\bin\management_ext.dll
0x00007ffe31650000 - 0x00007ffe31668000 	C:\WINDOWS\SYSTEM32\CRYPTSP.dll
0x00007ffe30da0000 - 0x00007ffe30dd4000 	C:\WINDOWS\system32\rsaenh.dll
0x00007ffe323e0000 - 0x00007ffe32407000 	C:\WINDOWS\System32\bcrypt.dll
0x00007ffe31b50000 - 0x00007ffe31b7e000 	C:\WINDOWS\SYSTEM32\USERENV.dll
0x00007ffe31640000 - 0x00007ffe3164c000 	C:\WINDOWS\SYSTEM32\CRYPTBASE.dll
0x00007ffe31110000 - 0x00007ffe3114b000 	C:\WINDOWS\SYSTEM32\IPHLPAPI.DLL
0x00007ffe32a60000 - 0x00007ffe32a68000 	C:\WINDOWS\System32\NSI.dll
0x00007ffe2a050000 - 0x00007ffe2a067000 	C:\WINDOWS\SYSTEM32\dhcpcsvc6.DLL
0x00007ffe2a690000 - 0x00007ffe2a6ad000 	C:\WINDOWS\SYSTEM32\dhcpcsvc.DLL
0x00007ffe31160000 - 0x00007ffe3122c000 	C:\WINDOWS\SYSTEM32\DNSAPI.dll
0x00007ffe2aba0000 - 0x00007ffe2abab000 	C:\WINDOWS\SYSTEM32\WINNSI.DLL

dbghelp: loaded successfully - version: 4.0.5 - missing functions: none
symbol engine: initialized successfully - sym options: 0x614 - pdb path: .;C:\Program Files\Android\Android Studio\jre\bin;C:\WINDOWS\SYSTEM32;C:\WINDOWS\WinSxS\amd64_microsoft.windows.common-controls_6595b64144ccf1df_6.0.19041.1052_none_60b8f8fd71f5e8cb;C:\Program Files\Android\Android Studio\jre\bin\server;C:\Users\PC\.gradle\native\fdc75f09e3144964f2cf3f50f0aa648679c211496f362492102eb8c894070792\windows-amd64;C:\Users\PC\.gradle\native\12488b8bf47d2d4c9fbf2f6322a914ad602e24e48041cd04a747c6da556b65c4\windows-amd64

VM Arguments:
jvm_args: --add-opens=java.base/java.util=ALL-UNNAMED --add-opens=java.base/java.lang=ALL-UNNAMED --add-opens=java.base/java.lang.invoke=ALL-UNNAMED --add-opens=java.prefs/java.util.prefs=ALL-UNNAMED -Xmx2048m -Dfile.encoding=UTF-8 -Duser.country=US -Duser.language=en -Duser.variant 
java_command: org.gradle.launcher.daemon.bootstrap.GradleDaemon 6.7.1
java_class_path (initial): C:\Users\PC\.gradle\wrapper\dists\gradle-6.7.1-bin\bwlcbys1h7rz3272sye1xwiv6\gradle-6.7.1\lib\gradle-launcher-6.7.1.jar
Launcher Type: SUN_STANDARD

[Global flags]
     intx CICompilerCount                          = 4                                         {product} {ergonomic}
     uint ConcGCThreads                            = 3                                         {product} {ergonomic}
     uint G1ConcRefinementThreads                  = 10                                        {product} {ergonomic}
   size_t G1HeapRegionSize                         = 1048576                                   {product} {ergonomic}
    uintx GCDrainStackTargetSize                   = 64                                        {product} {ergonomic}
   size_t InitialHeapSize                          = 266338304                                 {product} {ergonomic}
   size_t MarkStackSize                            = 4194304                                   {product} {ergonomic}
   size_t MaxHeapSize                              = 2147483648                                {product} {command line}
   size_t MaxNewSize                               = 1287651328                                {product} {ergonomic}
   size_t MinHeapDeltaBytes                        = 1048576                                   {product} {ergonomic}
    uintx NonNMethodCodeHeapSize                   = 5836300                                {pd product} {ergonomic}
    uintx NonProfiledCodeHeapSize                  = 122910970                              {pd product} {ergonomic}
    uintx ProfiledCodeHeapSize                     = 122910970                              {pd product} {ergonomic}
    uintx ReservedCodeCacheSize                    = 251658240                              {pd product} {ergonomic}
     bool SegmentedCodeCache                       = true                                      {product} {ergonomic}
     bool UseCompressedClassPointers               = true                                 {lp64_product} {ergonomic}
     bool UseCompressedOops                        = true                                 {lp64_product} {ergonomic}
     bool UseG1GC                                  = true                                      {product} {ergonomic}
     bool UseLargePagesIndividualAllocation        = false                                  {pd product} {ergonomic}

Logging:
Log output configuration:
 #0: stdout all=warning uptime,level,tags
 #1: stderr all=off uptime,level,tags

Environment Variables:
PATH=C:\Program Files (x86)\VMware\VMware Workstation\bin\;C:\Program Files (x86)\Common Files\Oracle\Java\javapath;C:\ProgramData\Oracle\Java\javapath;C:\WINDOWS\system32;C:\WINDOWS;C:\WINDOWS\System32\Wbem;C:\WINDOWS\System32\WindowsPowerShell\v1.0\;C:\WINDOWS\System32\OpenSSH\;C:\Program Files (x86)\NVIDIA Corporation\PhysX\Common;C:\Program Files\NVIDIA Corporation\NVIDIA NvDLISR;C:\MinGW\bin;C:\Users\PC\AppData\Local\Microsoft\WindowsApps;C:\Users\PC\AppData\Local\Programs\Microsoft VS Code\bin;C:\src\flutter\bin;C:\Users\PC\AppData\Local\GitHubDesktop\bin;D:\Everything\dartsdk-windows-x64-release\dart-sdk\bin;
USERNAME=PC
OS=Windows_NT
PROCESSOR_IDENTIFIER=Intel64 Family 6 Model 158 Stepping 10, GenuineIntel



---------------  S Y S T E M  ---------------

OS: Windows 10 , 64 bit Build 19041 (10.0.19041.1023)
OS uptime: 10 days 3:42 hours

CPU:total 12 (initial active 12) (6 cores per cpu, 2 threads per core) family 6 model 158 stepping 10, cmov, cx8, fxsr, mmx, sse, sse2, sse3, ssse3, sse4.1, sse4.2, popcnt, avx, avx2, aes, clmul, erms, 3dnowpref, lzcnt, ht, tsc, tscinvbit, bmi1, bmi2, adx, fma

Memory: 4k page, system-wide physical 16163M (4623M free)
TotalPageFile size 19663M (AvailPageFile size 0M)
current process WorkingSet (physical memory assigned to process): 292M, peak: 302M
current process commit charge ("private bytes"): 469M, peak: 474M

vm_info: OpenJDK 64-Bit Server VM (11.0.8+10-b944.6842174) for windows-amd64 JRE (11.0.8+10-b944.6842174), built on Sep 19 2020 01:11:42 by "builder" with MS VC++ 14.0 (VS2015)

END.
